10:20:39.335 [main] DEBUG a.a.t.s.a.i.a.MainApplication - Application starting with arguments=[]
10:20:40.631 [JavaFX Application Thread] DEBUG a.a.t.s.a.i.u.ui.MainViewController - MainViewController opened !
10:20:41.439 [JavaFX Application Thread] DEBUG a.a.t.s.a.i.a.MainApplication - Application startup complete
10:20:44.225 [JavaFX Application Thread] INFO  a.a.t.s.a.i.u.s.ReservationServieceImpl - User want to showAllReservation a Reservation information !  
10:20:44.226 [JavaFX Application Thread] DEBUG a.a.t.s.a.i.u.dao.ReservationDAOJDBC - Entering showAll method
10:20:47.614 [JavaFX Application Thread] DEBUG a.a.t.s.a.i.a.MainApplication - Application shutdown initiated
10:21:21.030 [main] DEBUG a.a.t.s.a.i.a.MainApplication - Application starting with arguments=[]
10:21:22.136 [JavaFX Application Thread] DEBUG a.a.t.s.a.i.u.ui.MainViewController - MainViewController opened !
10:21:23.135 [JavaFX Application Thread] DEBUG a.a.t.s.a.i.a.MainApplication - Application startup complete
10:21:26.831 [JavaFX Application Thread] INFO  a.a.t.s.a.i.u.s.ReservationServieceImpl - User want to showAllReservation a Reservation information !  
10:21:26.832 [JavaFX Application Thread] DEBUG a.a.t.s.a.i.u.dao.ReservationDAOJDBC - Entering showAll method
10:21:42.630 [JavaFX Application Thread] DEBUG a.a.t.s.a.i.a.MainApplication - Application shutdown initiated
10:25:49.904 [main] DEBUG a.a.t.s.a.i.a.MainApplication - Application starting with arguments=[]
10:25:51.101 [JavaFX Application Thread] DEBUG a.a.t.s.a.i.u.ui.MainViewController - MainViewController opened !
10:25:51.973 [JavaFX Application Thread] DEBUG a.a.t.s.a.i.a.MainApplication - Application startup complete
10:25:55.315 [JavaFX Application Thread] INFO  a.a.t.s.a.i.u.s.ReservationServieceImpl - User want to showAllReservation a Reservation information !  
10:25:55.318 [JavaFX Application Thread] DEBUG a.a.t.s.a.i.u.dao.ReservationDAOJDBC - Entering showAll method
10:25:58.802 [JavaFX Application Thread] DEBUG a.a.t.s.a.i.u.s.VehicleServiceImpl - User want to showAllReservation a Vehicle information {}  
10:25:58.802 [JavaFX Application Thread] DEBUG a.a.t.s.a.i.u.dao.VehicleDAOJDBC - Entering showAll method
10:26:05.087 [JavaFX Application Thread] DEBUG a.a.t.s.a.i.a.MainApplication - Application shutdown initiated
10:33:22.496 [main] DEBUG a.a.t.s.a.i.a.MainApplication - Application starting with arguments=[]
10:33:23.606 [JavaFX Application Thread] DEBUG a.a.t.s.a.i.u.ui.MainViewController - MainViewController opened !
10:33:24.480 [JavaFX Application Thread] DEBUG a.a.t.s.a.i.a.MainApplication - Application startup complete
10:33:46.968 [JavaFX Application Thread] INFO  a.a.t.s.a.i.u.s.ReservationServieceImpl - User want to showAllReservation a Reservation information !  
10:33:46.970 [JavaFX Application Thread] DEBUG a.a.t.s.a.i.u.dao.ReservationDAOJDBC - Entering showAll method
10:33:54.544 [JavaFX Application Thread] DEBUG a.a.t.s.a.i.u.s.VehicleServiceImpl - User want to showAllReservation a Vehicle information {}  
10:33:54.544 [JavaFX Application Thread] DEBUG a.a.t.s.a.i.u.dao.VehicleDAOJDBC - Entering showAll method
10:34:10.712 [JavaFX Application Thread] DEBUG a.a.t.s.a.i.a.MainApplication - Application shutdown initiated
10:35:53.237 [main] DEBUG a.a.t.s.a.i.a.MainApplication - Application starting with arguments=[]
10:35:54.264 [JavaFX Application Thread] DEBUG a.a.t.s.a.i.u.ui.MainViewController - MainViewController opened !
10:35:55.023 [JavaFX Application Thread] DEBUG a.a.t.s.a.i.a.MainApplication - Application startup complete
10:35:59.343 [JavaFX Application Thread] INFO  a.a.t.s.a.i.u.s.ReservationServieceImpl - User want to showAllReservation a Reservation information !  
10:35:59.344 [JavaFX Application Thread] DEBUG a.a.t.s.a.i.u.dao.ReservationDAOJDBC - Entering showAll method
10:36:03.758 [JavaFX Application Thread] DEBUG a.a.t.s.a.i.u.s.VehicleServiceImpl - User want to showAllReservation a Vehicle information {}  
10:36:03.758 [JavaFX Application Thread] DEBUG a.a.t.s.a.i.u.dao.VehicleDAOJDBC - Entering showAll method
10:36:07.901 [JavaFX Application Thread] DEBUG a.a.t.s.a.i.a.MainApplication - Application shutdown initiated
10:37:00.593 [main] DEBUG a.a.t.s.a.i.a.MainApplication - Application starting with arguments=[]
10:37:01.675 [JavaFX Application Thread] DEBUG a.a.t.s.a.i.u.ui.MainViewController - MainViewController opened !
10:37:02.514 [JavaFX Application Thread] DEBUG a.a.t.s.a.i.a.MainApplication - Application startup complete
10:37:45.794 [JavaFX Application Thread] INFO  a.a.t.s.a.i.u.s.ReservationServieceImpl - User want to showAllReservation a Reservation information !  
10:37:45.794 [JavaFX Application Thread] DEBUG a.a.t.s.a.i.u.dao.ReservationDAOJDBC - Entering showAll method
10:37:51.166 [JavaFX Application Thread] DEBUG a.a.t.s.a.i.u.s.VehicleServiceImpl - User want to showAllReservation a Vehicle information {}  
10:37:51.166 [JavaFX Application Thread] DEBUG a.a.t.s.a.i.u.dao.VehicleDAOJDBC - Entering showAll method
10:37:54.951 [JavaFX Application Thread] DEBUG a.a.t.s.a.i.a.MainApplication - Application shutdown initiated
10:43:55.761 [main] DEBUG a.a.t.s.a.i.a.MainApplication - Application starting with arguments=[]
10:43:57.070 [JavaFX Application Thread] DEBUG a.a.t.s.a.i.u.ui.MainViewController - MainViewController opened !
10:43:58.061 [JavaFX Application Thread] DEBUG a.a.t.s.a.i.a.MainApplication - Application startup complete
10:44:01.092 [JavaFX Application Thread] INFO  a.a.t.s.a.i.u.s.ReservationServieceImpl - User want to showAllReservation a Reservation information !  
10:44:01.093 [JavaFX Application Thread] DEBUG a.a.t.s.a.i.u.dao.ReservationDAOJDBC - Entering showAll method
10:44:09.600 [JavaFX Application Thread] DEBUG a.a.t.s.a.i.u.s.VehicleServiceImpl - User want to showAllReservation a Vehicle information {}  
10:44:09.601 [JavaFX Application Thread] DEBUG a.a.t.s.a.i.u.dao.VehicleDAOJDBC - Entering showAll method
10:44:11.116 [JavaFX Application Thread] DEBUG a.a.t.s.a.i.u.s.ReservationServieceImpl - The statistics {}
10:44:11.116 [JavaFX Application Thread] INFO  a.a.t.s.a.i.u.s.ReservationServieceImpl - !vehicleID.isEmpty()
10:44:11.117 [JavaFX Application Thread] DEBUG a.a.t.s.a.i.u.dao.ReservationDAOJDBC - Entering showAll method
10:44:11.119 [JavaFX Application Thread] INFO  a.a.t.s.a.i.u.s.ReservationServieceImpl - 1
10:44:11.119 [JavaFX Application Thread] INFO  a.a.t.s.a.i.u.s.ReservationServieceImpl - yes
10:44:11.119 [JavaFX Application Thread] DEBUG a.a.t.s.a.i.u.dao.ReservationDAOJDBC - Entering showAll method
10:44:11.121 [JavaFX Application Thread] INFO  a.a.t.s.a.i.u.s.ReservationServieceImpl - yes
10:44:11.121 [JavaFX Application Thread] DEBUG a.a.t.s.a.i.u.dao.ReservationDAOJDBC - Entering showAll method
10:44:11.123 [JavaFX Application Thread] INFO  a.a.t.s.a.i.u.s.ReservationServieceImpl - yes
10:44:11.123 [JavaFX Application Thread] DEBUG a.a.t.s.a.i.u.dao.ReservationDAOJDBC - Entering showAll method
10:44:11.125 [JavaFX Application Thread] DEBUG a.a.t.s.a.i.u.dao.ReservationDAOJDBC - Entering showAll method
10:44:11.133 [JavaFX Application Thread] INFO  a.a.t.s.a.i.u.s.ReservationServieceImpl - 1
10:44:11.134 [JavaFX Application Thread] INFO  a.a.t.s.a.i.u.s.ReservationServieceImpl - yes
10:44:11.134 [JavaFX Application Thread] DEBUG a.a.t.s.a.i.u.dao.ReservationDAOJDBC - Entering showAll method
10:44:11.144 [JavaFX Application Thread] DEBUG a.a.t.s.a.i.u.dao.ReservationDAOJDBC - Entering showAll method
10:44:11.146 [JavaFX Application Thread] INFO  a.a.t.s.a.i.u.s.ReservationServieceImpl - 1
10:44:11.146 [JavaFX Application Thread] INFO  a.a.t.s.a.i.u.s.ReservationServieceImpl - yes
10:44:11.146 [JavaFX Application Thread] DEBUG a.a.t.s.a.i.u.dao.ReservationDAOJDBC - Entering showAll method
10:44:11.148 [JavaFX Application Thread] INFO  a.a.t.s.a.i.u.s.ReservationServieceImpl - yes
10:44:11.148 [JavaFX Application Thread] DEBUG a.a.t.s.a.i.u.dao.ReservationDAOJDBC - Entering showAll method
10:44:11.151 [JavaFX Application Thread] INFO  a.a.t.s.a.i.u.s.ReservationServieceImpl - yes
10:44:11.151 [JavaFX Application Thread] DEBUG a.a.t.s.a.i.u.dao.ReservationDAOJDBC - Entering showAll method
10:44:11.153 [JavaFX Application Thread] DEBUG a.a.t.s.a.i.u.dao.ReservationDAOJDBC - Entering showAll method
10:44:11.156 [JavaFX Application Thread] INFO  a.a.t.s.a.i.u.s.ReservationServieceImpl - 1
10:44:11.156 [JavaFX Application Thread] INFO  a.a.t.s.a.i.u.s.ReservationServieceImpl - yes
10:44:11.156 [JavaFX Application Thread] DEBUG a.a.t.s.a.i.u.dao.ReservationDAOJDBC - Entering showAll method
10:44:11.158 [JavaFX Application Thread] DEBUG a.a.t.s.a.i.u.dao.ReservationDAOJDBC - Entering showAll method
10:44:11.160 [JavaFX Application Thread] INFO  a.a.t.s.a.i.u.s.ReservationServieceImpl - 1
10:44:11.160 [JavaFX Application Thread] INFO  a.a.t.s.a.i.u.s.ReservationServieceImpl - yes
10:44:11.160 [JavaFX Application Thread] DEBUG a.a.t.s.a.i.u.dao.ReservationDAOJDBC - Entering showAll method
10:44:11.164 [JavaFX Application Thread] INFO  a.a.t.s.a.i.u.s.ReservationServieceImpl - yes
10:44:11.164 [JavaFX Application Thread] DEBUG a.a.t.s.a.i.u.dao.ReservationDAOJDBC - Entering showAll method
10:44:11.175 [JavaFX Application Thread] INFO  a.a.t.s.a.i.u.s.ReservationServieceImpl - yes
10:44:11.175 [JavaFX Application Thread] DEBUG a.a.t.s.a.i.u.dao.ReservationDAOJDBC - Entering showAll method
10:44:11.183 [JavaFX Application Thread] DEBUG a.a.t.s.a.i.u.dao.ReservationDAOJDBC - Entering showAll method
10:44:11.185 [JavaFX Application Thread] INFO  a.a.t.s.a.i.u.s.ReservationServieceImpl - 1
10:44:11.185 [JavaFX Application Thread] INFO  a.a.t.s.a.i.u.s.ReservationServieceImpl - yes
10:44:11.185 [JavaFX Application Thread] DEBUG a.a.t.s.a.i.u.dao.ReservationDAOJDBC - Entering showAll method
10:44:11.187 [JavaFX Application Thread] DEBUG a.a.t.s.a.i.u.dao.ReservationDAOJDBC - Entering showAll method
10:44:11.189 [JavaFX Application Thread] INFO  a.a.t.s.a.i.u.s.ReservationServieceImpl - 1
10:44:11.189 [JavaFX Application Thread] INFO  a.a.t.s.a.i.u.s.ReservationServieceImpl - yes
10:44:11.189 [JavaFX Application Thread] DEBUG a.a.t.s.a.i.u.dao.ReservationDAOJDBC - Entering showAll method
10:44:11.191 [JavaFX Application Thread] INFO  a.a.t.s.a.i.u.s.ReservationServieceImpl - yes
10:44:11.191 [JavaFX Application Thread] DEBUG a.a.t.s.a.i.u.dao.ReservationDAOJDBC - Entering showAll method
10:44:11.193 [JavaFX Application Thread] DEBUG a.a.t.s.a.i.u.dao.ReservationDAOJDBC - Entering showAll method
10:44:11.195 [JavaFX Application Thread] INFO  a.a.t.s.a.i.u.s.ReservationServieceImpl - 4
10:44:11.195 [JavaFX Application Thread] INFO  a.a.t.s.a.i.u.s.ReservationServieceImpl - yes
10:44:11.196 [JavaFX Application Thread] DEBUG a.a.t.s.a.i.u.dao.ReservationDAOJDBC - Entering showAll method
10:44:11.197 [JavaFX Application Thread] INFO  a.a.t.s.a.i.u.s.ReservationServieceImpl - yes
10:44:11.198 [JavaFX Application Thread] DEBUG a.a.t.s.a.i.u.dao.ReservationDAOJDBC - Entering showAll method
10:44:11.199 [JavaFX Application Thread] DEBUG a.a.t.s.a.i.u.dao.ReservationDAOJDBC - Entering showAll method
10:44:11.201 [JavaFX Application Thread] INFO  a.a.t.s.a.i.u.s.ReservationServieceImpl - 1
10:44:11.201 [JavaFX Application Thread] INFO  a.a.t.s.a.i.u.s.ReservationServieceImpl - yes
10:44:11.201 [JavaFX Application Thread] DEBUG a.a.t.s.a.i.u.dao.ReservationDAOJDBC - Entering showAll method
10:44:11.203 [JavaFX Application Thread] INFO  a.a.t.s.a.i.u.s.ReservationServieceImpl - yes
10:44:11.203 [JavaFX Application Thread] DEBUG a.a.t.s.a.i.u.dao.ReservationDAOJDBC - Entering showAll method
10:44:11.205 [JavaFX Application Thread] DEBUG a.a.t.s.a.i.u.dao.ReservationDAOJDBC - Entering showAll method
10:44:11.207 [JavaFX Application Thread] INFO  a.a.t.s.a.i.u.s.ReservationServieceImpl - 7
10:44:11.208 [JavaFX Application Thread] INFO  a.a.t.s.a.i.u.s.ReservationServieceImpl - yes
10:44:11.208 [JavaFX Application Thread] DEBUG a.a.t.s.a.i.u.dao.ReservationDAOJDBC - Entering showAll method
10:44:11.210 [JavaFX Application Thread] INFO  a.a.t.s.a.i.u.s.ReservationServieceImpl - yes
10:44:11.210 [JavaFX Application Thread] DEBUG a.a.t.s.a.i.u.dao.ReservationDAOJDBC - Entering showAll method
10:44:11.213 [JavaFX Application Thread] DEBUG a.a.t.s.a.i.u.dao.ReservationDAOJDBC - Entering showAll method
10:45:39.927 [JavaFX Application Thread] DEBUG a.a.t.s.a.i.a.MainApplication - Application shutdown initiated
10:57:22.456 [main] DEBUG a.a.t.s.a.i.a.MainApplication - Application starting with arguments=[]
10:57:23.512 [JavaFX Application Thread] DEBUG a.a.t.s.a.i.u.ui.MainViewController - MainViewController opened !
10:57:24.406 [JavaFX Application Thread] DEBUG a.a.t.s.a.i.a.MainApplication - Application startup complete
10:57:25.888 [JavaFX Application Thread] INFO  a.a.t.s.a.i.u.s.ReservationServieceImpl - User want to showAllReservation a Reservation information !  
10:57:25.889 [JavaFX Application Thread] DEBUG a.a.t.s.a.i.u.dao.ReservationDAOJDBC - Entering showAll method
10:57:29.879 [JavaFX Application Thread] DEBUG a.a.t.s.a.i.u.s.VehicleServiceImpl - User want to showAllReservation a Vehicle information {}  
10:57:29.879 [JavaFX Application Thread] DEBUG a.a.t.s.a.i.u.dao.VehicleDAOJDBC - Entering showAll method
10:57:31.314 [JavaFX Application Thread] DEBUG a.a.t.s.a.i.u.s.ReservationServieceImpl - The statistics {}
10:57:31.314 [JavaFX Application Thread] DEBUG a.a.t.s.a.i.u.dao.ReservationDAOJDBC - Entering showAll method
10:57:31.317 [JavaFX Application Thread] DEBUG a.a.t.s.a.i.u.dao.ReservationDAOJDBC - Entering showAll method
10:57:31.319 [JavaFX Application Thread] DEBUG a.a.t.s.a.i.u.dao.ReservationDAOJDBC - Entering showAll method
10:57:31.323 [JavaFX Application Thread] DEBUG a.a.t.s.a.i.u.dao.ReservationDAOJDBC - Entering showAll method
10:57:31.325 [JavaFX Application Thread] DEBUG a.a.t.s.a.i.u.dao.ReservationDAOJDBC - Entering showAll method
10:57:31.330 [JavaFX Application Thread] INFO  a.a.t.s.a.i.u.s.ReservationServieceImpl - 1
10:57:31.330 [JavaFX Application Thread] DEBUG a.a.t.s.a.i.u.dao.ReservationDAOJDBC - Entering showAll method
10:57:31.332 [JavaFX Application Thread] DEBUG a.a.t.s.a.i.u.dao.ReservationDAOJDBC - Entering showAll method
10:57:31.333 [JavaFX Application Thread] DEBUG a.a.t.s.a.i.u.dao.ReservationDAOJDBC - Entering showAll method
10:57:31.335 [JavaFX Application Thread] DEBUG a.a.t.s.a.i.u.dao.ReservationDAOJDBC - Entering showAll method
10:57:31.336 [JavaFX Application Thread] DEBUG a.a.t.s.a.i.u.dao.ReservationDAOJDBC - Entering showAll method
10:57:31.338 [JavaFX Application Thread] DEBUG a.a.t.s.a.i.u.dao.ReservationDAOJDBC - Entering showAll method
10:57:31.339 [JavaFX Application Thread] INFO  a.a.t.s.a.i.u.s.ReservationServieceImpl - 1
10:57:31.340 [JavaFX Application Thread] DEBUG a.a.t.s.a.i.u.dao.ReservationDAOJDBC - Entering showAll method
10:57:31.341 [JavaFX Application Thread] DEBUG a.a.t.s.a.i.u.dao.ReservationDAOJDBC - Entering showAll method
10:57:31.343 [JavaFX Application Thread] DEBUG a.a.t.s.a.i.u.dao.ReservationDAOJDBC - Entering showAll method
10:57:31.345 [JavaFX Application Thread] DEBUG a.a.t.s.a.i.u.dao.ReservationDAOJDBC - Entering showAll method
10:57:31.347 [JavaFX Application Thread] DEBUG a.a.t.s.a.i.u.dao.ReservationDAOJDBC - Entering showAll method
10:57:31.348 [JavaFX Application Thread] DEBUG a.a.t.s.a.i.u.dao.ReservationDAOJDBC - Entering showAll method
10:57:31.350 [JavaFX Application Thread] INFO  a.a.t.s.a.i.u.s.ReservationServieceImpl - 1
10:57:31.350 [JavaFX Application Thread] DEBUG a.a.t.s.a.i.u.dao.ReservationDAOJDBC - Entering showAll method
10:57:31.351 [JavaFX Application Thread] DEBUG a.a.t.s.a.i.u.dao.ReservationDAOJDBC - Entering showAll method
10:57:31.353 [JavaFX Application Thread] DEBUG a.a.t.s.a.i.u.dao.ReservationDAOJDBC - Entering showAll method
10:57:31.354 [JavaFX Application Thread] DEBUG a.a.t.s.a.i.u.dao.ReservationDAOJDBC - Entering showAll method
10:57:31.356 [JavaFX Application Thread] DEBUG a.a.t.s.a.i.u.dao.ReservationDAOJDBC - Entering showAll method
10:57:31.357 [JavaFX Application Thread] INFO  a.a.t.s.a.i.u.s.ReservationServieceImpl - 4
10:57:31.358 [JavaFX Application Thread] DEBUG a.a.t.s.a.i.u.dao.ReservationDAOJDBC - Entering showAll method
10:57:31.359 [JavaFX Application Thread] DEBUG a.a.t.s.a.i.u.dao.ReservationDAOJDBC - Entering showAll method
10:57:31.360 [JavaFX Application Thread] DEBUG a.a.t.s.a.i.u.dao.ReservationDAOJDBC - Entering showAll method
10:57:31.362 [JavaFX Application Thread] DEBUG a.a.t.s.a.i.u.dao.ReservationDAOJDBC - Entering showAll method
10:57:31.364 [JavaFX Application Thread] DEBUG a.a.t.s.a.i.u.dao.ReservationDAOJDBC - Entering showAll method
10:57:31.365 [JavaFX Application Thread] DEBUG a.a.t.s.a.i.u.dao.ReservationDAOJDBC - Entering showAll method
10:57:31.367 [JavaFX Application Thread] INFO  a.a.t.s.a.i.u.s.ReservationServieceImpl - 7
10:57:31.367 [JavaFX Application Thread] DEBUG a.a.t.s.a.i.u.dao.ReservationDAOJDBC - Entering showAll method
10:57:31.368 [JavaFX Application Thread] DEBUG a.a.t.s.a.i.u.dao.ReservationDAOJDBC - Entering showAll method
10:57:31.371 [JavaFX Application Thread] DEBUG a.a.t.s.a.i.u.dao.ReservationDAOJDBC - Entering showAll method
10:57:39.648 [JavaFX Application Thread] DEBUG a.a.t.s.a.i.a.MainApplication - Application shutdown initiated
10:59:58.603 [main] DEBUG a.a.t.s.a.i.a.MainApplication - Application starting with arguments=[]
10:59:59.728 [JavaFX Application Thread] DEBUG a.a.t.s.a.i.u.ui.MainViewController - MainViewController opened !
11:00:00.567 [JavaFX Application Thread] DEBUG a.a.t.s.a.i.a.MainApplication - Application startup complete
11:00:02.465 [JavaFX Application Thread] INFO  a.a.t.s.a.i.u.s.ReservationServieceImpl - User want to showAllReservation a Reservation information !  
11:00:02.466 [JavaFX Application Thread] DEBUG a.a.t.s.a.i.u.dao.ReservationDAOJDBC - Entering showAll method
11:00:05.711 [JavaFX Application Thread] DEBUG a.a.t.s.a.i.u.s.VehicleServiceImpl - User want to showAllReservation a Vehicle information {}  
11:00:05.712 [JavaFX Application Thread] DEBUG a.a.t.s.a.i.u.dao.VehicleDAOJDBC - Entering showAll method
11:00:08.169 [JavaFX Application Thread] DEBUG a.a.t.s.a.i.u.s.ReservationServieceImpl - The statistics {}
11:00:08.170 [JavaFX Application Thread] DEBUG a.a.t.s.a.i.u.dao.ReservationDAOJDBC - Entering showAll method
11:00:08.172 [JavaFX Application Thread] DEBUG a.a.t.s.a.i.u.dao.ReservationDAOJDBC - Entering showAll method
11:00:08.174 [JavaFX Application Thread] DEBUG a.a.t.s.a.i.u.dao.ReservationDAOJDBC - Entering showAll method
11:00:08.176 [JavaFX Application Thread] DEBUG a.a.t.s.a.i.u.dao.ReservationDAOJDBC - Entering showAll method
11:00:08.178 [JavaFX Application Thread] DEBUG a.a.t.s.a.i.u.dao.ReservationDAOJDBC - Entering showAll method
11:00:08.185 [JavaFX Application Thread] INFO  a.a.t.s.a.i.u.s.ReservationServieceImpl - 90000000
11:00:08.185 [JavaFX Application Thread] INFO  a.a.t.s.a.i.u.s.ReservationServieceImpl - 1
11:00:08.185 [JavaFX Application Thread] DEBUG a.a.t.s.a.i.u.dao.ReservationDAOJDBC - Entering showAll method
11:00:08.187 [JavaFX Application Thread] DEBUG a.a.t.s.a.i.u.dao.ReservationDAOJDBC - Entering showAll method
11:00:08.189 [JavaFX Application Thread] DEBUG a.a.t.s.a.i.u.dao.ReservationDAOJDBC - Entering showAll method
11:00:08.191 [JavaFX Application Thread] DEBUG a.a.t.s.a.i.u.dao.ReservationDAOJDBC - Entering showAll method
11:00:08.193 [JavaFX Application Thread] DEBUG a.a.t.s.a.i.u.dao.ReservationDAOJDBC - Entering showAll method
11:00:08.197 [JavaFX Application Thread] DEBUG a.a.t.s.a.i.u.dao.ReservationDAOJDBC - Entering showAll method
11:00:08.202 [JavaFX Application Thread] INFO  a.a.t.s.a.i.u.s.ReservationServieceImpl - 100800000
11:00:08.203 [JavaFX Application Thread] INFO  a.a.t.s.a.i.u.s.ReservationServieceImpl - 1
11:00:08.203 [JavaFX Application Thread] DEBUG a.a.t.s.a.i.u.dao.ReservationDAOJDBC - Entering showAll method
11:00:08.206 [JavaFX Application Thread] DEBUG a.a.t.s.a.i.u.dao.ReservationDAOJDBC - Entering showAll method
11:00:08.208 [JavaFX Application Thread] DEBUG a.a.t.s.a.i.u.dao.ReservationDAOJDBC - Entering showAll method
11:00:08.210 [JavaFX Application Thread] DEBUG a.a.t.s.a.i.u.dao.ReservationDAOJDBC - Entering showAll method
11:00:08.212 [JavaFX Application Thread] DEBUG a.a.t.s.a.i.u.dao.ReservationDAOJDBC - Entering showAll method
11:00:08.213 [JavaFX Application Thread] DEBUG a.a.t.s.a.i.u.dao.ReservationDAOJDBC - Entering showAll method
11:00:08.221 [JavaFX Application Thread] INFO  a.a.t.s.a.i.u.s.ReservationServieceImpl - 93600000
11:00:08.221 [JavaFX Application Thread] INFO  a.a.t.s.a.i.u.s.ReservationServieceImpl - 1
11:00:08.221 [JavaFX Application Thread] DEBUG a.a.t.s.a.i.u.dao.ReservationDAOJDBC - Entering showAll method
11:00:08.222 [JavaFX Application Thread] DEBUG a.a.t.s.a.i.u.dao.ReservationDAOJDBC - Entering showAll method
11:00:08.223 [JavaFX Application Thread] DEBUG a.a.t.s.a.i.u.dao.ReservationDAOJDBC - Entering showAll method
11:00:08.224 [JavaFX Application Thread] DEBUG a.a.t.s.a.i.u.dao.ReservationDAOJDBC - Entering showAll method
11:00:08.227 [JavaFX Application Thread] DEBUG a.a.t.s.a.i.u.dao.ReservationDAOJDBC - Entering showAll method
11:00:08.228 [JavaFX Application Thread] INFO  a.a.t.s.a.i.u.s.ReservationServieceImpl - 349200000
11:00:08.228 [JavaFX Application Thread] INFO  a.a.t.s.a.i.u.s.ReservationServieceImpl - 4
11:00:08.228 [JavaFX Application Thread] DEBUG a.a.t.s.a.i.u.dao.ReservationDAOJDBC - Entering showAll method
11:00:08.229 [JavaFX Application Thread] DEBUG a.a.t.s.a.i.u.dao.ReservationDAOJDBC - Entering showAll method
11:00:08.231 [JavaFX Application Thread] DEBUG a.a.t.s.a.i.u.dao.ReservationDAOJDBC - Entering showAll method
11:00:08.232 [JavaFX Application Thread] DEBUG a.a.t.s.a.i.u.dao.ReservationDAOJDBC - Entering showAll method
11:00:08.234 [JavaFX Application Thread] DEBUG a.a.t.s.a.i.u.dao.ReservationDAOJDBC - Entering showAll method
11:00:08.235 [JavaFX Application Thread] DEBUG a.a.t.s.a.i.u.dao.ReservationDAOJDBC - Entering showAll method
11:00:08.237 [JavaFX Application Thread] INFO  a.a.t.s.a.i.u.s.ReservationServieceImpl - 608400000
11:00:08.237 [JavaFX Application Thread] INFO  a.a.t.s.a.i.u.s.ReservationServieceImpl - 7
11:00:08.237 [JavaFX Application Thread] DEBUG a.a.t.s.a.i.u.dao.ReservationDAOJDBC - Entering showAll method
11:00:08.239 [JavaFX Application Thread] DEBUG a.a.t.s.a.i.u.dao.ReservationDAOJDBC - Entering showAll method
11:00:08.241 [JavaFX Application Thread] DEBUG a.a.t.s.a.i.u.dao.ReservationDAOJDBC - Entering showAll method
11:00:11.193 [JavaFX Application Thread] DEBUG a.a.t.s.a.i.a.MainApplication - Application shutdown initiated
11:00:57.761 [main] DEBUG a.a.t.s.a.i.a.MainApplication - Application starting with arguments=[]
11:00:58.795 [JavaFX Application Thread] DEBUG a.a.t.s.a.i.u.ui.MainViewController - MainViewController opened !
11:00:59.594 [JavaFX Application Thread] DEBUG a.a.t.s.a.i.a.MainApplication - Application startup complete
11:01:06.041 [JavaFX Application Thread] INFO  a.a.t.s.a.i.u.s.ReservationServieceImpl - User want to showAllReservation a Reservation information !  
11:01:06.042 [JavaFX Application Thread] DEBUG a.a.t.s.a.i.u.dao.ReservationDAOJDBC - Entering showAll method
11:01:08.803 [JavaFX Application Thread] DEBUG a.a.t.s.a.i.u.s.VehicleServiceImpl - User want to showAllReservation a Vehicle information {}  
11:01:08.803 [JavaFX Application Thread] DEBUG a.a.t.s.a.i.u.dao.VehicleDAOJDBC - Entering showAll method
11:01:10.242 [JavaFX Application Thread] DEBUG a.a.t.s.a.i.u.s.ReservationServieceImpl - The statistics {}
11:01:10.242 [JavaFX Application Thread] DEBUG a.a.t.s.a.i.u.dao.ReservationDAOJDBC - Entering showAll method
11:01:10.244 [JavaFX Application Thread] DEBUG a.a.t.s.a.i.u.dao.ReservationDAOJDBC - Entering showAll method
11:01:10.245 [JavaFX Application Thread] DEBUG a.a.t.s.a.i.u.dao.ReservationDAOJDBC - Entering showAll method
11:01:10.247 [JavaFX Application Thread] DEBUG a.a.t.s.a.i.u.dao.ReservationDAOJDBC - Entering showAll method
11:01:10.248 [JavaFX Application Thread] DEBUG a.a.t.s.a.i.u.dao.ReservationDAOJDBC - Entering showAll method
11:01:10.253 [JavaFX Application Thread] INFO  a.a.t.s.a.i.u.s.ReservationServieceImpl - 90000000
11:01:10.253 [JavaFX Application Thread] INFO  a.a.t.s.a.i.u.s.ReservationServieceImpl - 40
11:01:10.253 [JavaFX Application Thread] DEBUG a.a.t.s.a.i.u.dao.ReservationDAOJDBC - Entering showAll method
11:01:10.255 [JavaFX Application Thread] DEBUG a.a.t.s.a.i.u.dao.ReservationDAOJDBC - Entering showAll method
11:01:10.256 [JavaFX Application Thread] DEBUG a.a.t.s.a.i.u.dao.ReservationDAOJDBC - Entering showAll method
11:01:10.258 [JavaFX Application Thread] DEBUG a.a.t.s.a.i.u.dao.ReservationDAOJDBC - Entering showAll method
11:01:10.260 [JavaFX Application Thread] DEBUG a.a.t.s.a.i.u.dao.ReservationDAOJDBC - Entering showAll method
11:01:10.262 [JavaFX Application Thread] DEBUG a.a.t.s.a.i.u.dao.ReservationDAOJDBC - Entering showAll method
11:01:10.263 [JavaFX Application Thread] INFO  a.a.t.s.a.i.u.s.ReservationServieceImpl - 100800000
11:01:10.264 [JavaFX Application Thread] INFO  a.a.t.s.a.i.u.s.ReservationServieceImpl - 35
11:01:10.264 [JavaFX Application Thread] DEBUG a.a.t.s.a.i.u.dao.ReservationDAOJDBC - Entering showAll method
11:01:10.266 [JavaFX Application Thread] DEBUG a.a.t.s.a.i.u.dao.ReservationDAOJDBC - Entering showAll method
11:01:10.267 [JavaFX Application Thread] DEBUG a.a.t.s.a.i.u.dao.ReservationDAOJDBC - Entering showAll method
11:01:10.269 [JavaFX Application Thread] DEBUG a.a.t.s.a.i.u.dao.ReservationDAOJDBC - Entering showAll method
11:01:10.271 [JavaFX Application Thread] DEBUG a.a.t.s.a.i.u.dao.ReservationDAOJDBC - Entering showAll method
11:01:10.273 [JavaFX Application Thread] DEBUG a.a.t.s.a.i.u.dao.ReservationDAOJDBC - Entering showAll method
11:01:10.275 [JavaFX Application Thread] INFO  a.a.t.s.a.i.u.s.ReservationServieceImpl - 93600000
11:01:10.275 [JavaFX Application Thread] INFO  a.a.t.s.a.i.u.s.ReservationServieceImpl - 38
11:01:10.275 [JavaFX Application Thread] DEBUG a.a.t.s.a.i.u.dao.ReservationDAOJDBC - Entering showAll method
11:01:10.278 [JavaFX Application Thread] DEBUG a.a.t.s.a.i.u.dao.ReservationDAOJDBC - Entering showAll method
11:01:10.279 [JavaFX Application Thread] DEBUG a.a.t.s.a.i.u.dao.ReservationDAOJDBC - Entering showAll method
11:01:10.281 [JavaFX Application Thread] DEBUG a.a.t.s.a.i.u.dao.ReservationDAOJDBC - Entering showAll method
11:01:10.283 [JavaFX Application Thread] DEBUG a.a.t.s.a.i.u.dao.ReservationDAOJDBC - Entering showAll method
11:01:10.285 [JavaFX Application Thread] INFO  a.a.t.s.a.i.u.s.ReservationServieceImpl - 349200000
11:01:10.285 [JavaFX Application Thread] INFO  a.a.t.s.a.i.u.s.ReservationServieceImpl - 10
11:01:10.285 [JavaFX Application Thread] DEBUG a.a.t.s.a.i.u.dao.ReservationDAOJDBC - Entering showAll method
11:01:10.289 [JavaFX Application Thread] DEBUG a.a.t.s.a.i.u.dao.ReservationDAOJDBC - Entering showAll method
11:01:10.291 [JavaFX Application Thread] DEBUG a.a.t.s.a.i.u.dao.ReservationDAOJDBC - Entering showAll method
11:01:10.293 [JavaFX Application Thread] DEBUG a.a.t.s.a.i.u.dao.ReservationDAOJDBC - Entering showAll method
11:01:10.295 [JavaFX Application Thread] DEBUG a.a.t.s.a.i.u.dao.ReservationDAOJDBC - Entering showAll method
11:01:10.296 [JavaFX Application Thread] DEBUG a.a.t.s.a.i.u.dao.ReservationDAOJDBC - Entering showAll method
11:01:10.298 [JavaFX Application Thread] INFO  a.a.t.s.a.i.u.s.ReservationServieceImpl - 608400000
11:01:10.298 [JavaFX Application Thread] INFO  a.a.t.s.a.i.u.s.ReservationServieceImpl - 5
11:01:10.298 [JavaFX Application Thread] DEBUG a.a.t.s.a.i.u.dao.ReservationDAOJDBC - Entering showAll method
11:01:10.299 [JavaFX Application Thread] DEBUG a.a.t.s.a.i.u.dao.ReservationDAOJDBC - Entering showAll method
11:01:10.302 [JavaFX Application Thread] DEBUG a.a.t.s.a.i.u.dao.ReservationDAOJDBC - Entering showAll method
11:01:12.260 [JavaFX Application Thread] DEBUG a.a.t.s.a.i.a.MainApplication - Application shutdown initiated
18:49:30.377 [main] DEBUG a.a.t.s.a.i.u.dao.VehicleDAOJDBC - Create vehicle :Vehicle: Title='bmw', Year=1990, Description='old', Seats=4, LicensePlate='hbqjhwr6243', TypeOfDrive='motorized', Power=30, Price=14, LicenseClass='A'}
18:49:30.901 [main] DEBUG a.a.t.s.a.i.u.dao.VehicleDAOJDBC - Edit the Vehicle :4
18:49:30.902 [main] DEBUG a.a.t.s.a.i.u.dao.VehicleDAOJDBC - Search the Vehicle 4
18:49:30.908 [main] DEBUG a.a.t.s.a.i.u.dao.VehicleDAOJDBC - found!
18:49:30.935 [main] DEBUG a.a.t.s.a.i.u.dao.VehicleDAOJDBC - Updated 1
18:49:30.936 [main] DEBUG a.a.t.s.a.i.u.dao.VehicleDAOJDBC - Entering showAll method
18:49:30.983 [main] DEBUG a.a.t.s.a.i.u.dao.VehicleDAOJDBC - Entering showAll method
18:49:30.984 [main] DEBUG a.a.t.s.a.i.u.dao.VehicleDAOJDBC - Create vehicle :Vehicle: Title='bmw', Year=1990, Description='one', Seats=4, LicensePlate='hbqjhwr6243', TypeOfDrive='motorized', Power=30, Price=14, LicenseClass='A'}
18:49:30.988 [main] DEBUG a.a.t.s.a.i.u.dao.VehicleDAOJDBC - Entering showAll method
18:49:30.992 [main] DEBUG a.a.t.s.a.i.u.dao.VehicleDAOJDBC -  delete the VEHICLE: Vehicle: Title='bmw', Year=1990, Description='one', Seats=4, LicensePlate='hbqjhwr6243', TypeOfDrive='motorized', Power=30, Price=14, LicenseClass='A'}
18:49:30.999 [main] DEBUG a.a.t.s.a.i.u.dao.VehicleDAOJDBC - Entering showAll method
18:49:31.062 [main] DEBUG a.a.t.s.a.i.u.dao.VehicleDAOJDBC - Create vehicle :Vehicle: Title='bmw', Year=1990, Description='one', Seats=4, LicensePlate='hbqjhwr6243', TypeOfDrive='motorized', Power=30, Price=14, LicenseClass='A'}
18:49:31.067 [main] DEBUG a.a.t.s.a.i.u.dao.VehicleDAOJDBC - Entering showAll method
18:49:31.086 [main] DEBUG a.a.t.s.a.i.u.dao.VehicleDAOJDBC - Entering showAll method
18:49:31.089 [main] DEBUG a.a.t.s.a.i.u.dao.VehicleDAOJDBC - Search the Vehicle 6
18:49:31.091 [main] DEBUG a.a.t.s.a.i.u.dao.VehicleDAOJDBC - found!
18:49:31.093 [main] DEBUG a.a.t.s.a.i.u.dao.VehicleDAOJDBC - Entering showAll method
18:49:31.095 [main] DEBUG a.a.t.s.a.i.u.dao.VehicleDAOJDBC - Create vehicle :Vehicle: Title='bmw', Year=1990, Description='one', Seats=4, LicensePlate='hbqjhwr6243', TypeOfDrive='motorized', Power=30, Price=14, LicenseClass='A'}
18:49:31.099 [main] DEBUG a.a.t.s.a.i.u.dao.VehicleDAOJDBC - Entering showAll method
18:49:31.114 [main] DEBUG a.a.t.s.a.i.u.dao.VehicleDAOJDBC - Create vehicle :null
18:55:27.234 [main] DEBUG a.a.t.s.a.i.u.dao.VehicleDAOJDBC - Create vehicle :Vehicle: Title='bmw', Year=1990, Description='old', Seats=4, LicensePlate='hbqjhwr6243', TypeOfDrive='motorized', Power=30, Price=14, LicenseClass='A'}
18:55:27.417 [main] DEBUG a.a.t.s.a.i.u.dao.VehicleDAOJDBC - Edit the Vehicle :8
18:55:27.417 [main] DEBUG a.a.t.s.a.i.u.dao.VehicleDAOJDBC - Search the Vehicle 8
18:55:27.421 [main] DEBUG a.a.t.s.a.i.u.dao.VehicleDAOJDBC - found!
18:55:27.432 [main] DEBUG a.a.t.s.a.i.u.dao.VehicleDAOJDBC - Updated 1
18:55:27.432 [main] DEBUG a.a.t.s.a.i.u.dao.VehicleDAOJDBC - Entering showAll method
18:55:27.508 [main] DEBUG a.a.t.s.a.i.u.dao.VehicleDAOJDBC - Entering showAll method
18:55:27.516 [main] DEBUG a.a.t.s.a.i.u.dao.VehicleDAOJDBC - Create vehicle :Vehicle: Title='bmw', Year=1990, Description='one', Seats=4, LicensePlate='hbqjhwr6243', TypeOfDrive='motorized', Power=30, Price=14, LicenseClass='A'}
18:55:27.521 [main] DEBUG a.a.t.s.a.i.u.dao.VehicleDAOJDBC - Entering showAll method
18:55:27.528 [main] DEBUG a.a.t.s.a.i.u.dao.VehicleDAOJDBC -  delete the VEHICLE: Vehicle: Title='bmw', Year=1990, Description='one', Seats=4, LicensePlate='hbqjhwr6243', TypeOfDrive='motorized', Power=30, Price=14, LicenseClass='A'}
18:55:27.533 [main] DEBUG a.a.t.s.a.i.u.dao.VehicleDAOJDBC - Entering showAll method
18:55:27.543 [main] DEBUG a.a.t.s.a.i.u.dao.VehicleDAOJDBC - Create vehicle :null
18:55:27.561 [main] DEBUG a.a.t.s.a.i.u.dao.VehicleDAOJDBC - Create vehicle :Vehicle: Title='bmw', Year=1990, Description='one', Seats=4, LicensePlate='hbqjhwr6243', TypeOfDrive='motorized', Power=30, Price=14, LicenseClass='A'}
18:55:27.572 [main] DEBUG a.a.t.s.a.i.u.dao.VehicleDAOJDBC - Entering showAll method
18:55:27.575 [main] DEBUG a.a.t.s.a.i.u.dao.VehicleDAOJDBC - Entering showAll method
18:55:27.632 [main] DEBUG a.a.t.s.a.i.u.dao.VehicleDAOJDBC - Search the Vehicle 10
18:55:27.645 [main] DEBUG a.a.t.s.a.i.u.dao.VehicleDAOJDBC - found!
18:55:27.649 [main] DEBUG a.a.t.s.a.i.u.dao.VehicleDAOJDBC - Entering showAll method
18:55:27.666 [main] DEBUG a.a.t.s.a.i.u.dao.VehicleDAOJDBC - Create vehicle :Vehicle: Title='bmw', Year=1990, Description='one', Seats=4, LicensePlate='hbqjhwr6243', TypeOfDrive='motorized', Power=30, Price=14, LicenseClass='A'}
18:55:27.671 [main] DEBUG a.a.t.s.a.i.u.dao.VehicleDAOJDBC - Entering showAll method
18:57:21.854 [main] DEBUG a.a.t.s.a.i.u.dao.VehicleDAOJDBC - Create vehicle :Vehicle: Title='bmw', Year=1990, Description='old', Seats=4, LicensePlate='hbqjhwr6243', TypeOfDrive='motorized', Power=30, Price=14, LicenseClass='A'}
18:57:22.280 [main] DEBUG a.a.t.s.a.i.u.dao.VehicleDAOJDBC - Edit the Vehicle :12
18:57:22.280 [main] DEBUG a.a.t.s.a.i.u.dao.VehicleDAOJDBC - Search the Vehicle 12
18:57:22.284 [main] DEBUG a.a.t.s.a.i.u.dao.VehicleDAOJDBC - found!
18:57:22.294 [main] DEBUG a.a.t.s.a.i.u.dao.VehicleDAOJDBC - Updated 1
18:57:22.294 [main] DEBUG a.a.t.s.a.i.u.dao.VehicleDAOJDBC - Entering showAll method
18:57:22.311 [main] DEBUG a.a.t.s.a.i.u.dao.VehicleDAOJDBC - Entering showAll method
18:57:22.313 [main] DEBUG a.a.t.s.a.i.u.dao.VehicleDAOJDBC - Create vehicle :Vehicle: Title='bmw', Year=1990, Description='one', Seats=4, LicensePlate='hbqjhwr6243', TypeOfDrive='motorized', Power=30, Price=14, LicenseClass='A'}
18:57:22.330 [main] DEBUG a.a.t.s.a.i.u.dao.VehicleDAOJDBC - Entering showAll method
18:57:22.333 [main] DEBUG a.a.t.s.a.i.u.dao.VehicleDAOJDBC -  delete the VEHICLE: Vehicle: Title='bmw', Year=1990, Description='one', Seats=4, LicensePlate='hbqjhwr6243', TypeOfDrive='motorized', Power=30, Price=14, LicenseClass='A'}
18:57:22.338 [main] DEBUG a.a.t.s.a.i.u.dao.VehicleDAOJDBC - Entering showAll method
18:57:22.341 [main] DEBUG a.a.t.s.a.i.u.dao.VehicleDAOJDBC - Create vehicle :null
18:57:22.342 [main] DEBUG a.a.t.s.a.i.u.dao.VehicleDAOJDBC - Create vehicle :Vehicle: Title='bmw', Year=1990, Description='one', Seats=4, LicensePlate='hbqjhwr6243', TypeOfDrive='motorized', Power=30, Price=14, LicenseClass='A'}
18:57:22.347 [main] DEBUG a.a.t.s.a.i.u.dao.VehicleDAOJDBC - Entering showAll method
18:57:22.354 [main] DEBUG a.a.t.s.a.i.u.dao.VehicleDAOJDBC - Entering showAll method
18:57:22.364 [main] DEBUG a.a.t.s.a.i.u.dao.VehicleDAOJDBC - Search the Vehicle 14
18:57:22.490 [main] DEBUG a.a.t.s.a.i.u.dao.VehicleDAOJDBC - found!
18:57:22.491 [main] DEBUG a.a.t.s.a.i.u.dao.VehicleDAOJDBC - Entering showAll method
18:57:22.496 [main] DEBUG a.a.t.s.a.i.u.dao.VehicleDAOJDBC - Create vehicle :Vehicle: Title='bmw', Year=1990, Description='one', Seats=4, LicensePlate='hbqjhwr6243', TypeOfDrive='motorized', Power=30, Price=14, LicenseClass='A'}
18:57:22.500 [main] DEBUG a.a.t.s.a.i.u.dao.VehicleDAOJDBC - Entering showAll method
18:58:28.704 [main] DEBUG a.a.t.s.a.i.u.dao.VehicleDAOJDBC - Create vehicle :Vehicle: Title='bmw', Year=1990, Description='old', Seats=4, LicensePlate='hbqjhwr6243', TypeOfDrive='motorized', Power=30, Price=14, LicenseClass='A'}
18:58:28.925 [main] DEBUG a.a.t.s.a.i.u.dao.VehicleDAOJDBC - Edit the Vehicle :16
18:58:28.928 [main] DEBUG a.a.t.s.a.i.u.dao.VehicleDAOJDBC - Search the Vehicle 16
18:58:28.932 [main] DEBUG a.a.t.s.a.i.u.dao.VehicleDAOJDBC - found!
18:58:28.951 [main] DEBUG a.a.t.s.a.i.u.dao.VehicleDAOJDBC - Updated 1
18:58:28.951 [main] DEBUG a.a.t.s.a.i.u.dao.VehicleDAOJDBC - Entering showAll method
18:58:28.973 [main] DEBUG a.a.t.s.a.i.u.dao.VehicleDAOJDBC - Entering showAll method
18:58:28.978 [main] DEBUG a.a.t.s.a.i.u.dao.VehicleDAOJDBC - Create vehicle :Vehicle: Title='bmw', Year=1990, Description='one', Seats=4, LicensePlate='hbqjhwr6243', TypeOfDrive='motorized', Power=30, Price=14, LicenseClass='A'}
18:58:28.979 [main] DEBUG a.a.t.s.a.i.u.dao.VehicleDAOJDBC - Entering showAll method
18:58:28.981 [main] DEBUG a.a.t.s.a.i.u.dao.VehicleDAOJDBC -  delete the VEHICLE: Vehicle: Title='bmw', Year=1990, Description='one', Seats=4, LicensePlate='hbqjhwr6243', TypeOfDrive='motorized', Power=30, Price=14, LicenseClass='A'}
18:58:28.984 [main] DEBUG a.a.t.s.a.i.u.dao.VehicleDAOJDBC - Entering showAll method
18:58:28.989 [main] DEBUG a.a.t.s.a.i.u.dao.VehicleDAOJDBC - Create vehicle :null
18:58:28.990 [main] DEBUG a.a.t.s.a.i.u.dao.VehicleDAOJDBC - Create vehicle :Vehicle: Title='bmw', Year=1990, Description='one', Seats=4, LicensePlate='hbqjhwr6243', TypeOfDrive='motorized', Power=30, Price=14, LicenseClass='A'}
18:58:28.993 [main] DEBUG a.a.t.s.a.i.u.dao.VehicleDAOJDBC - Entering showAll method
18:58:28.996 [main] DEBUG a.a.t.s.a.i.u.dao.VehicleDAOJDBC - Entering showAll method
18:58:29.000 [main] DEBUG a.a.t.s.a.i.u.dao.VehicleDAOJDBC - Search the Vehicle 18
18:58:29.001 [main] DEBUG a.a.t.s.a.i.u.dao.VehicleDAOJDBC - found!
18:58:29.003 [main] DEBUG a.a.t.s.a.i.u.dao.VehicleDAOJDBC - Entering showAll method
18:58:29.005 [main] DEBUG a.a.t.s.a.i.u.dao.VehicleDAOJDBC - Create vehicle :Vehicle: Title='bmw', Year=1990, Description='one', Seats=4, LicensePlate='hbqjhwr6243', TypeOfDrive='motorized', Power=30, Price=14, LicenseClass='A'}
18:58:29.012 [main] DEBUG a.a.t.s.a.i.u.dao.VehicleDAOJDBC - Entering showAll method
18:58:36.627 [main] DEBUG a.a.t.s.a.i.u.dao.VehicleDAOJDBC - Create vehicle :Vehicle: Title='bmw', Year=1990, Description='old', Seats=4, LicensePlate='hbqjhwr6243', TypeOfDrive='motorized', Power=30, Price=14, LicenseClass='A'}
18:58:36.724 [main] DEBUG a.a.t.s.a.i.u.dao.VehicleDAOJDBC - Edit the Vehicle :20
18:58:36.724 [main] DEBUG a.a.t.s.a.i.u.dao.VehicleDAOJDBC - Search the Vehicle 20
18:58:36.730 [main] DEBUG a.a.t.s.a.i.u.dao.VehicleDAOJDBC - found!
18:58:36.750 [main] DEBUG a.a.t.s.a.i.u.dao.VehicleDAOJDBC - Updated 1
18:58:36.751 [main] DEBUG a.a.t.s.a.i.u.dao.VehicleDAOJDBC - Entering showAll method
18:58:36.772 [main] DEBUG a.a.t.s.a.i.u.dao.VehicleDAOJDBC - Entering showAll method
18:58:36.777 [main] DEBUG a.a.t.s.a.i.u.dao.VehicleDAOJDBC - Create vehicle :Vehicle: Title='bmw', Year=1990, Description='one', Seats=4, LicensePlate='hbqjhwr6243', TypeOfDrive='motorized', Power=30, Price=14, LicenseClass='A'}
18:58:36.782 [main] DEBUG a.a.t.s.a.i.u.dao.VehicleDAOJDBC - Entering showAll method
18:58:36.784 [main] DEBUG a.a.t.s.a.i.u.dao.VehicleDAOJDBC -  delete the VEHICLE: Vehicle: Title='bmw', Year=1990, Description='one', Seats=4, LicensePlate='hbqjhwr6243', TypeOfDrive='motorized', Power=30, Price=14, LicenseClass='A'}
18:58:36.787 [main] DEBUG a.a.t.s.a.i.u.dao.VehicleDAOJDBC - Entering showAll method
18:58:36.791 [main] DEBUG a.a.t.s.a.i.u.dao.VehicleDAOJDBC - Create vehicle :null
18:58:36.793 [main] DEBUG a.a.t.s.a.i.u.dao.VehicleDAOJDBC - Create vehicle :Vehicle: Title='bmw', Year=1990, Description='one', Seats=4, LicensePlate='hbqjhwr6243', TypeOfDrive='motorized', Power=30, Price=14, LicenseClass='A'}
18:58:36.809 [main] DEBUG a.a.t.s.a.i.u.dao.VehicleDAOJDBC - Entering showAll method
18:58:36.819 [main] DEBUG a.a.t.s.a.i.u.dao.VehicleDAOJDBC - Entering showAll method
18:58:36.825 [main] DEBUG a.a.t.s.a.i.u.dao.VehicleDAOJDBC - Search the Vehicle 22
18:58:36.833 [main] DEBUG a.a.t.s.a.i.u.dao.VehicleDAOJDBC - found!
18:58:36.839 [main] DEBUG a.a.t.s.a.i.u.dao.VehicleDAOJDBC - Entering showAll method
18:58:36.878 [main] DEBUG a.a.t.s.a.i.u.dao.VehicleDAOJDBC - Create vehicle :Vehicle: Title='bmw', Year=1990, Description='one', Seats=4, LicensePlate='hbqjhwr6243', TypeOfDrive='motorized', Power=30, Price=14, LicenseClass='A'}
18:58:36.887 [main] DEBUG a.a.t.s.a.i.u.dao.VehicleDAOJDBC - Entering showAll method
18:59:03.446 [main] DEBUG a.a.t.s.a.i.u.dao.VehicleDAOJDBC - Create vehicle :Vehicle: Title='bmw', Year=1990, Description='old', Seats=4, LicensePlate='hbqjhwr6243', TypeOfDrive='motorized', Power=30, Price=14, LicenseClass='A'}
18:59:03.623 [main] DEBUG a.a.t.s.a.i.u.dao.VehicleDAOJDBC - Edit the Vehicle :24
18:59:03.626 [main] DEBUG a.a.t.s.a.i.u.dao.VehicleDAOJDBC - Search the Vehicle 24
18:59:03.629 [main] DEBUG a.a.t.s.a.i.u.dao.VehicleDAOJDBC - found!
18:59:03.640 [main] DEBUG a.a.t.s.a.i.u.dao.VehicleDAOJDBC - Updated 1
18:59:03.641 [main] DEBUG a.a.t.s.a.i.u.dao.VehicleDAOJDBC - Entering showAll method
18:59:03.710 [main] DEBUG a.a.t.s.a.i.u.dao.VehicleDAOJDBC - Entering showAll method
18:59:03.731 [main] DEBUG a.a.t.s.a.i.u.dao.VehicleDAOJDBC - Create vehicle :Vehicle: Title='bmw', Year=1990, Description='one', Seats=4, LicensePlate='hbqjhwr6243', TypeOfDrive='motorized', Power=30, Price=14, LicenseClass='A'}
18:59:03.742 [main] DEBUG a.a.t.s.a.i.u.dao.VehicleDAOJDBC - Entering showAll method
18:59:03.750 [main] DEBUG a.a.t.s.a.i.u.dao.VehicleDAOJDBC -  delete the VEHICLE: Vehicle: Title='bmw', Year=1990, Description='one', Seats=4, LicensePlate='hbqjhwr6243', TypeOfDrive='motorized', Power=30, Price=14, LicenseClass='A'}
18:59:03.755 [main] DEBUG a.a.t.s.a.i.u.dao.VehicleDAOJDBC - Entering showAll method
18:59:03.760 [main] DEBUG a.a.t.s.a.i.u.dao.VehicleDAOJDBC - Create vehicle :null
18:59:03.770 [main] DEBUG a.a.t.s.a.i.u.dao.VehicleDAOJDBC - Create vehicle :Vehicle: Title='bmw', Year=1990, Description='one', Seats=4, LicensePlate='hbqjhwr6243', TypeOfDrive='motorized', Power=30, Price=14, LicenseClass='A'}
18:59:03.841 [main] DEBUG a.a.t.s.a.i.u.dao.VehicleDAOJDBC - Entering showAll method
18:59:03.844 [main] DEBUG a.a.t.s.a.i.u.dao.VehicleDAOJDBC - Entering showAll method
18:59:03.848 [main] DEBUG a.a.t.s.a.i.u.dao.VehicleDAOJDBC - Search the Vehicle 26
18:59:03.856 [main] DEBUG a.a.t.s.a.i.u.dao.VehicleDAOJDBC - found!
18:59:03.863 [main] DEBUG a.a.t.s.a.i.u.dao.VehicleDAOJDBC - Entering showAll method
18:59:03.909 [main] DEBUG a.a.t.s.a.i.u.dao.VehicleDAOJDBC - Create vehicle :Vehicle: Title='bmw', Year=1990, Description='one', Seats=4, LicensePlate='hbqjhwr6243', TypeOfDrive='motorized', Power=30, Price=14, LicenseClass='A'}
18:59:03.911 [main] DEBUG a.a.t.s.a.i.u.dao.VehicleDAOJDBC - Entering showAll method
18:59:12.374 [main] DEBUG a.a.t.s.a.i.u.dao.VehicleDAOJDBC - Create vehicle :Vehicle: Title='bmw', Year=1990, Description='old', Seats=4, LicensePlate='hbqjhwr6243', TypeOfDrive='motorized', Power=30, Price=14, LicenseClass='A'}
18:59:12.680 [main] DEBUG a.a.t.s.a.i.u.dao.VehicleDAOJDBC - Edit the Vehicle :28
18:59:12.681 [main] DEBUG a.a.t.s.a.i.u.dao.VehicleDAOJDBC - Search the Vehicle 28
18:59:12.685 [main] DEBUG a.a.t.s.a.i.u.dao.VehicleDAOJDBC - found!
18:59:12.696 [main] DEBUG a.a.t.s.a.i.u.dao.VehicleDAOJDBC - Updated 1
18:59:12.696 [main] DEBUG a.a.t.s.a.i.u.dao.VehicleDAOJDBC - Entering showAll method
18:59:12.727 [main] DEBUG a.a.t.s.a.i.u.dao.VehicleDAOJDBC - Entering showAll method
18:59:12.729 [main] DEBUG a.a.t.s.a.i.u.dao.VehicleDAOJDBC - Create vehicle :Vehicle: Title='bmw', Year=1990, Description='one', Seats=4, LicensePlate='hbqjhwr6243', TypeOfDrive='motorized', Power=30, Price=14, LicenseClass='A'}
18:59:12.731 [main] DEBUG a.a.t.s.a.i.u.dao.VehicleDAOJDBC - Entering showAll method
18:59:12.732 [main] DEBUG a.a.t.s.a.i.u.dao.VehicleDAOJDBC -  delete the VEHICLE: Vehicle: Title='bmw', Year=1990, Description='one', Seats=4, LicensePlate='hbqjhwr6243', TypeOfDrive='motorized', Power=30, Price=14, LicenseClass='A'}
18:59:12.734 [main] DEBUG a.a.t.s.a.i.u.dao.VehicleDAOJDBC - Entering showAll method
18:59:12.741 [main] DEBUG a.a.t.s.a.i.u.dao.VehicleDAOJDBC - Create vehicle :null
18:59:12.744 [main] DEBUG a.a.t.s.a.i.u.dao.VehicleDAOJDBC - Create vehicle :Vehicle: Title='bmw', Year=1990, Description='one', Seats=4, LicensePlate='hbqjhwr6243', TypeOfDrive='motorized', Power=30, Price=14, LicenseClass='A'}
18:59:12.748 [main] DEBUG a.a.t.s.a.i.u.dao.VehicleDAOJDBC - Entering showAll method
18:59:12.752 [main] DEBUG a.a.t.s.a.i.u.dao.VehicleDAOJDBC - Entering showAll method
18:59:12.757 [main] DEBUG a.a.t.s.a.i.u.dao.VehicleDAOJDBC - Search the Vehicle 30
18:59:12.761 [main] DEBUG a.a.t.s.a.i.u.dao.VehicleDAOJDBC - found!
18:59:12.764 [main] DEBUG a.a.t.s.a.i.u.dao.VehicleDAOJDBC - Entering showAll method
18:59:12.767 [main] DEBUG a.a.t.s.a.i.u.dao.VehicleDAOJDBC - Create vehicle :Vehicle: Title='bmw', Year=1990, Description='one', Seats=4, LicensePlate='hbqjhwr6243', TypeOfDrive='motorized', Power=30, Price=14, LicenseClass='A'}
18:59:12.770 [main] DEBUG a.a.t.s.a.i.u.dao.VehicleDAOJDBC - Entering showAll method
18:59:56.769 [main] DEBUG a.a.t.s.a.i.u.dao.VehicleDAOJDBC - Create vehicle :Vehicle: Title='bmw', Year=1990, Description='old', Seats=4, LicensePlate='hbqjhwr6243', TypeOfDrive='motorized', Power=30, Price=14, LicenseClass='A'}
18:59:57.020 [main] DEBUG a.a.t.s.a.i.u.dao.VehicleDAOJDBC - Edit the Vehicle :32
18:59:57.021 [main] DEBUG a.a.t.s.a.i.u.dao.VehicleDAOJDBC - Search the Vehicle 32
18:59:57.023 [main] DEBUG a.a.t.s.a.i.u.dao.VehicleDAOJDBC - found!
18:59:57.032 [main] DEBUG a.a.t.s.a.i.u.dao.VehicleDAOJDBC - Updated 1
18:59:57.033 [main] DEBUG a.a.t.s.a.i.u.dao.VehicleDAOJDBC - Entering showAll method
18:59:57.093 [main] DEBUG a.a.t.s.a.i.u.dao.VehicleDAOJDBC - Entering showAll method
18:59:57.153 [main] DEBUG a.a.t.s.a.i.u.dao.VehicleDAOJDBC - Create vehicle :Vehicle: Title='bmw', Year=1990, Description='one', Seats=4, LicensePlate='hbqjhwr6243', TypeOfDrive='motorized', Power=30, Price=14, LicenseClass='A'}
18:59:57.170 [main] DEBUG a.a.t.s.a.i.u.dao.VehicleDAOJDBC - Entering showAll method
18:59:57.173 [main] DEBUG a.a.t.s.a.i.u.dao.VehicleDAOJDBC -  delete the VEHICLE: Vehicle: Title='bmw', Year=1990, Description='one', Seats=4, LicensePlate='hbqjhwr6243', TypeOfDrive='motorized', Power=30, Price=14, LicenseClass='A'}
18:59:57.180 [main] DEBUG a.a.t.s.a.i.u.dao.VehicleDAOJDBC - Entering showAll method
18:59:57.186 [main] DEBUG a.a.t.s.a.i.u.dao.VehicleDAOJDBC - Create vehicle :null
18:59:57.188 [main] DEBUG a.a.t.s.a.i.u.dao.VehicleDAOJDBC - Create vehicle :Vehicle: Title='bmw', Year=1990, Description='one', Seats=4, LicensePlate='hbqjhwr6243', TypeOfDrive='motorized', Power=30, Price=14, LicenseClass='A'}
18:59:57.227 [main] DEBUG a.a.t.s.a.i.u.dao.VehicleDAOJDBC - Entering showAll method
18:59:57.236 [main] DEBUG a.a.t.s.a.i.u.dao.VehicleDAOJDBC - Entering showAll method
18:59:57.239 [main] DEBUG a.a.t.s.a.i.u.dao.VehicleDAOJDBC - Search the Vehicle 34
18:59:57.241 [main] DEBUG a.a.t.s.a.i.u.dao.VehicleDAOJDBC - found!
18:59:57.242 [main] DEBUG a.a.t.s.a.i.u.dao.VehicleDAOJDBC - Entering showAll method
18:59:57.244 [main] DEBUG a.a.t.s.a.i.u.dao.VehicleDAOJDBC - Create vehicle :Vehicle: Title='bmw', Year=1990, Description='one', Seats=4, LicensePlate='hbqjhwr6243', TypeOfDrive='motorized', Power=30, Price=14, LicenseClass='A'}
18:59:57.245 [main] DEBUG a.a.t.s.a.i.u.dao.VehicleDAOJDBC - Entering showAll method
19:00:26.260 [main] DEBUG a.a.t.s.a.i.u.dao.VehicleDAOJDBC - Create vehicle :Vehicle: Title='bmw', Year=1990, Description='old', Seats=4, LicensePlate='hbqjhwr6243', TypeOfDrive='motorized', Power=30, Price=14, LicenseClass='A'}
19:00:26.471 [main] DEBUG a.a.t.s.a.i.u.dao.VehicleDAOJDBC - Edit the Vehicle :36
19:00:26.472 [main] DEBUG a.a.t.s.a.i.u.dao.VehicleDAOJDBC - Search the Vehicle 36
19:00:26.482 [main] DEBUG a.a.t.s.a.i.u.dao.VehicleDAOJDBC - found!
19:00:26.499 [main] DEBUG a.a.t.s.a.i.u.dao.VehicleDAOJDBC - Updated 1
19:00:26.500 [main] DEBUG a.a.t.s.a.i.u.dao.VehicleDAOJDBC - Entering showAll method
19:00:26.532 [main] DEBUG a.a.t.s.a.i.u.dao.VehicleDAOJDBC - Entering showAll method
19:00:26.536 [main] DEBUG a.a.t.s.a.i.u.dao.VehicleDAOJDBC - Create vehicle :Vehicle: Title='bmw', Year=1990, Description='one', Seats=4, LicensePlate='hbqjhwr6243', TypeOfDrive='motorized', Power=30, Price=14, LicenseClass='A'}
19:00:26.541 [main] DEBUG a.a.t.s.a.i.u.dao.VehicleDAOJDBC - Entering showAll method
19:00:26.611 [main] DEBUG a.a.t.s.a.i.u.dao.VehicleDAOJDBC -  delete the VEHICLE: Vehicle: Title='bmw', Year=1990, Description='one', Seats=4, LicensePlate='hbqjhwr6243', TypeOfDrive='motorized', Power=30, Price=14, LicenseClass='A'}
19:00:26.614 [main] DEBUG a.a.t.s.a.i.u.dao.VehicleDAOJDBC - Entering showAll method
19:00:26.622 [main] DEBUG a.a.t.s.a.i.u.dao.VehicleDAOJDBC - Create vehicle :null
19:00:26.633 [main] DEBUG a.a.t.s.a.i.u.dao.VehicleDAOJDBC - Create vehicle :Vehicle: Title='bmw', Year=1990, Description='one', Seats=4, LicensePlate='hbqjhwr6243', TypeOfDrive='motorized', Power=30, Price=14, LicenseClass='A'}
19:00:26.642 [main] DEBUG a.a.t.s.a.i.u.dao.VehicleDAOJDBC - Entering showAll method
19:00:26.647 [main] DEBUG a.a.t.s.a.i.u.dao.VehicleDAOJDBC - Entering showAll method
19:00:26.651 [main] DEBUG a.a.t.s.a.i.u.dao.VehicleDAOJDBC - Search the Vehicle 38
19:00:26.656 [main] DEBUG a.a.t.s.a.i.u.dao.VehicleDAOJDBC - found!
19:00:26.660 [main] DEBUG a.a.t.s.a.i.u.dao.VehicleDAOJDBC - Entering showAll method
19:00:26.665 [main] DEBUG a.a.t.s.a.i.u.dao.VehicleDAOJDBC - Create vehicle :Vehicle: Title='bmw', Year=1990, Description='one', Seats=4, LicensePlate='hbqjhwr6243', TypeOfDrive='motorized', Power=30, Price=14, LicenseClass='A'}
19:00:26.670 [main] DEBUG a.a.t.s.a.i.u.dao.VehicleDAOJDBC - Entering showAll method
19:00:35.795 [main] DEBUG a.a.t.s.a.i.u.dao.VehicleDAOJDBC - Create vehicle :Vehicle: Title='bmw', Year=1990, Description='old', Seats=4, LicensePlate='hbqjhwr6243', TypeOfDrive='motorized', Power=30, Price=14, LicenseClass='A'}
19:00:36.034 [main] DEBUG a.a.t.s.a.i.u.dao.VehicleDAOJDBC - Edit the Vehicle :40
19:00:36.035 [main] DEBUG a.a.t.s.a.i.u.dao.VehicleDAOJDBC - Search the Vehicle 40
19:00:36.040 [main] DEBUG a.a.t.s.a.i.u.dao.VehicleDAOJDBC - found!
19:00:36.064 [main] DEBUG a.a.t.s.a.i.u.dao.VehicleDAOJDBC - Updated 1
19:00:36.069 [main] DEBUG a.a.t.s.a.i.u.dao.VehicleDAOJDBC - Entering showAll method
19:00:36.105 [main] DEBUG a.a.t.s.a.i.u.dao.VehicleDAOJDBC - Entering showAll method
19:00:36.128 [main] DEBUG a.a.t.s.a.i.u.dao.VehicleDAOJDBC - Create vehicle :Vehicle: Title='bmw', Year=1990, Description='one', Seats=4, LicensePlate='hbqjhwr6243', TypeOfDrive='motorized', Power=30, Price=14, LicenseClass='A'}
19:00:36.131 [main] DEBUG a.a.t.s.a.i.u.dao.VehicleDAOJDBC - Entering showAll method
19:00:36.133 [main] DEBUG a.a.t.s.a.i.u.dao.VehicleDAOJDBC -  delete the VEHICLE: Vehicle: Title='bmw', Year=1990, Description='one', Seats=4, LicensePlate='hbqjhwr6243', TypeOfDrive='motorized', Power=30, Price=14, LicenseClass='A'}
19:00:36.136 [main] DEBUG a.a.t.s.a.i.u.dao.VehicleDAOJDBC - Entering showAll method
19:00:36.139 [main] DEBUG a.a.t.s.a.i.u.dao.VehicleDAOJDBC - Create vehicle :null
19:00:36.141 [main] DEBUG a.a.t.s.a.i.u.dao.VehicleDAOJDBC - Create vehicle :Vehicle: Title='bmw', Year=1990, Description='one', Seats=4, LicensePlate='hbqjhwr6243', TypeOfDrive='motorized', Power=30, Price=14, LicenseClass='A'}
19:00:36.144 [main] DEBUG a.a.t.s.a.i.u.dao.VehicleDAOJDBC - Entering showAll method
19:00:36.156 [main] DEBUG a.a.t.s.a.i.u.dao.VehicleDAOJDBC - Entering showAll method
19:00:36.160 [main] DEBUG a.a.t.s.a.i.u.dao.VehicleDAOJDBC - Search the Vehicle 42
19:00:36.162 [main] DEBUG a.a.t.s.a.i.u.dao.VehicleDAOJDBC - found!
19:00:36.164 [main] DEBUG a.a.t.s.a.i.u.dao.VehicleDAOJDBC - Entering showAll method
19:00:36.175 [main] DEBUG a.a.t.s.a.i.u.dao.VehicleDAOJDBC - Create vehicle :Vehicle: Title='bmw', Year=1990, Description='one', Seats=4, LicensePlate='hbqjhwr6243', TypeOfDrive='motorized', Power=30, Price=14, LicenseClass='A'}
19:00:36.177 [main] DEBUG a.a.t.s.a.i.u.dao.VehicleDAOJDBC - Entering showAll method
19:00:44.696 [main] DEBUG a.a.t.s.a.i.u.dao.VehicleDAOJDBC - Create vehicle :Vehicle: Title='bmw', Year=1990, Description='old', Seats=4, LicensePlate='hbqjhwr6243', TypeOfDrive='motorized', Power=30, Price=14, LicenseClass='A'}
19:00:44.854 [main] DEBUG a.a.t.s.a.i.u.dao.VehicleDAOJDBC - Edit the Vehicle :44
19:00:44.854 [main] DEBUG a.a.t.s.a.i.u.dao.VehicleDAOJDBC - Search the Vehicle 44
19:00:44.856 [main] DEBUG a.a.t.s.a.i.u.dao.VehicleDAOJDBC - found!
19:00:44.865 [main] DEBUG a.a.t.s.a.i.u.dao.VehicleDAOJDBC - Updated 1
19:00:44.865 [main] DEBUG a.a.t.s.a.i.u.dao.VehicleDAOJDBC - Entering showAll method
19:00:44.868 [main] DEBUG a.a.t.s.a.i.u.dao.VehicleDAOJDBC - Edit the Vehicle :44
19:00:44.869 [main] DEBUG a.a.t.s.a.i.u.dao.VehicleDAOJDBC - Search the Vehicle 44
19:00:44.870 [main] DEBUG a.a.t.s.a.i.u.dao.VehicleDAOJDBC - found!
19:00:44.871 [main] DEBUG a.a.t.s.a.i.u.dao.VehicleDAOJDBC - Updated 1
19:00:44.878 [main] DEBUG a.a.t.s.a.i.u.dao.VehicleDAOJDBC - Entering showAll method
19:00:44.887 [main] DEBUG a.a.t.s.a.i.u.dao.VehicleDAOJDBC - Create vehicle :Vehicle: Title='two', Year=1990, Description='one', Seats=4, LicensePlate='hbqjhwr6243', TypeOfDrive='motorized', Power=30, Price=14, LicenseClass='A'}
19:00:44.986 [main] DEBUG a.a.t.s.a.i.u.dao.VehicleDAOJDBC - Entering showAll method
19:00:45.001 [main] DEBUG a.a.t.s.a.i.u.dao.VehicleDAOJDBC -  delete the VEHICLE: Vehicle: Title='two', Year=1990, Description='one', Seats=4, LicensePlate='hbqjhwr6243', TypeOfDrive='motorized', Power=30, Price=14, LicenseClass='A'}
19:00:45.004 [main] DEBUG a.a.t.s.a.i.u.dao.VehicleDAOJDBC - Entering showAll method
19:00:45.008 [main] DEBUG a.a.t.s.a.i.u.dao.VehicleDAOJDBC - Create vehicle :null
19:00:45.009 [main] DEBUG a.a.t.s.a.i.u.dao.VehicleDAOJDBC - Create vehicle :Vehicle: Title='two', Year=1990, Description='one', Seats=4, LicensePlate='hbqjhwr6243', TypeOfDrive='motorized', Power=30, Price=14, LicenseClass='A'}
19:00:45.011 [main] DEBUG a.a.t.s.a.i.u.dao.VehicleDAOJDBC - Entering showAll method
19:00:45.013 [main] DEBUG a.a.t.s.a.i.u.dao.VehicleDAOJDBC - Entering showAll method
19:00:45.029 [main] DEBUG a.a.t.s.a.i.u.dao.VehicleDAOJDBC - Search the Vehicle 46
19:00:45.031 [main] DEBUG a.a.t.s.a.i.u.dao.VehicleDAOJDBC - found!
19:00:45.033 [main] DEBUG a.a.t.s.a.i.u.dao.VehicleDAOJDBC - Entering showAll method
19:00:45.045 [main] DEBUG a.a.t.s.a.i.u.dao.VehicleDAOJDBC - Create vehicle :Vehicle: Title='two', Year=1990, Description='one', Seats=4, LicensePlate='hbqjhwr6243', TypeOfDrive='motorized', Power=30, Price=14, LicenseClass='A'}
19:00:45.047 [main] DEBUG a.a.t.s.a.i.u.dao.VehicleDAOJDBC - Entering showAll method
19:01:47.270 [main] DEBUG a.a.t.s.a.i.u.dao.VehicleDAOJDBC - Create vehicle :Vehicle: Title='bmw', Year=1990, Description='old', Seats=4, LicensePlate='hbqjhwr6243', TypeOfDrive='motorized', Power=30, Price=14, LicenseClass='A'}
19:01:47.548 [main] DEBUG a.a.t.s.a.i.u.dao.VehicleDAOJDBC - Edit the Vehicle :48
19:01:47.549 [main] DEBUG a.a.t.s.a.i.u.dao.VehicleDAOJDBC - Search the Vehicle 48
19:01:47.551 [main] DEBUG a.a.t.s.a.i.u.dao.VehicleDAOJDBC - found!
19:01:47.565 [main] DEBUG a.a.t.s.a.i.u.dao.VehicleDAOJDBC - Updated 1
19:01:47.566 [main] DEBUG a.a.t.s.a.i.u.dao.VehicleDAOJDBC - Entering showAll method
19:01:47.569 [main] DEBUG a.a.t.s.a.i.u.dao.VehicleDAOJDBC - Entering showAll method
19:01:47.601 [main] DEBUG a.a.t.s.a.i.u.dao.VehicleDAOJDBC - Entering showAll method
19:01:47.602 [main] DEBUG a.a.t.s.a.i.u.dao.VehicleDAOJDBC - Create vehicle :Vehicle: Title='bmw', Year=1990, Description='one', Seats=4, LicensePlate='hbqjhwr6243', TypeOfDrive='motorized', Power=30, Price=14, LicenseClass='A'}
19:01:47.613 [main] DEBUG a.a.t.s.a.i.u.dao.VehicleDAOJDBC - Entering showAll method
19:01:47.619 [main] DEBUG a.a.t.s.a.i.u.dao.VehicleDAOJDBC -  delete the VEHICLE: Vehicle: Title='bmw', Year=1990, Description='one', Seats=4, LicensePlate='hbqjhwr6243', TypeOfDrive='motorized', Power=30, Price=14, LicenseClass='A'}
19:01:47.621 [main] DEBUG a.a.t.s.a.i.u.dao.VehicleDAOJDBC - Entering showAll method
19:01:47.624 [main] DEBUG a.a.t.s.a.i.u.dao.VehicleDAOJDBC - Create vehicle :null
19:01:47.626 [main] DEBUG a.a.t.s.a.i.u.dao.VehicleDAOJDBC - Create vehicle :Vehicle: Title='bmw', Year=1990, Description='one', Seats=4, LicensePlate='hbqjhwr6243', TypeOfDrive='motorized', Power=30, Price=14, LicenseClass='A'}
19:01:47.649 [main] DEBUG a.a.t.s.a.i.u.dao.VehicleDAOJDBC - Entering showAll method
19:01:47.656 [main] DEBUG a.a.t.s.a.i.u.dao.VehicleDAOJDBC - Entering showAll method
19:01:47.664 [main] DEBUG a.a.t.s.a.i.u.dao.VehicleDAOJDBC - Search the Vehicle 50
19:01:47.674 [main] DEBUG a.a.t.s.a.i.u.dao.VehicleDAOJDBC - found!
19:01:47.682 [main] DEBUG a.a.t.s.a.i.u.dao.VehicleDAOJDBC - Entering showAll method
19:01:47.739 [main] DEBUG a.a.t.s.a.i.u.dao.VehicleDAOJDBC - Create vehicle :Vehicle: Title='bmw', Year=1990, Description='one', Seats=4, LicensePlate='hbqjhwr6243', TypeOfDrive='motorized', Power=30, Price=14, LicenseClass='A'}
19:01:47.750 [main] DEBUG a.a.t.s.a.i.u.dao.VehicleDAOJDBC - Entering showAll method
19:02:00.196 [main] DEBUG a.a.t.s.a.i.u.dao.VehicleDAOJDBC - Create vehicle :Vehicle: Title='bmw', Year=1990, Description='old', Seats=4, LicensePlate='hbqjhwr6243', TypeOfDrive='motorized', Power=30, Price=14, LicenseClass='A'}
19:02:00.486 [main] DEBUG a.a.t.s.a.i.u.dao.VehicleDAOJDBC - Edit the Vehicle :52
19:02:00.487 [main] DEBUG a.a.t.s.a.i.u.dao.VehicleDAOJDBC - Search the Vehicle 52
19:02:00.490 [main] DEBUG a.a.t.s.a.i.u.dao.VehicleDAOJDBC - found!
19:02:00.501 [main] DEBUG a.a.t.s.a.i.u.dao.VehicleDAOJDBC - Updated 1
19:02:00.503 [main] DEBUG a.a.t.s.a.i.u.dao.VehicleDAOJDBC - Entering showAll method
19:02:00.509 [main] DEBUG a.a.t.s.a.i.u.dao.VehicleDAOJDBC - Entering showAll method
19:02:00.513 [main] DEBUG a.a.t.s.a.i.u.dao.VehicleDAOJDBC - Edit the Vehicle :52
19:02:00.514 [main] DEBUG a.a.t.s.a.i.u.dao.VehicleDAOJDBC - Search the Vehicle 52
19:02:00.515 [main] DEBUG a.a.t.s.a.i.u.dao.VehicleDAOJDBC - found!
19:02:00.522 [main] DEBUG a.a.t.s.a.i.u.dao.VehicleDAOJDBC - Updated 1
19:02:00.529 [main] DEBUG a.a.t.s.a.i.u.dao.VehicleDAOJDBC - Entering showAll method
19:02:00.530 [main] DEBUG a.a.t.s.a.i.u.dao.VehicleDAOJDBC - Create vehicle :Vehicle: Title='two', Year=1990, Description='one', Seats=4, LicensePlate='hbqjhwr6243', TypeOfDrive='motorized', Power=30, Price=14, LicenseClass='A'}
19:02:00.533 [main] DEBUG a.a.t.s.a.i.u.dao.VehicleDAOJDBC - Entering showAll method
19:02:00.538 [main] DEBUG a.a.t.s.a.i.u.dao.VehicleDAOJDBC -  delete the VEHICLE: Vehicle: Title='two', Year=1990, Description='one', Seats=4, LicensePlate='hbqjhwr6243', TypeOfDrive='motorized', Power=30, Price=14, LicenseClass='A'}
19:02:00.542 [main] DEBUG a.a.t.s.a.i.u.dao.VehicleDAOJDBC - Entering showAll method
19:02:00.626 [main] DEBUG a.a.t.s.a.i.u.dao.VehicleDAOJDBC - Create vehicle :null
19:02:00.628 [main] DEBUG a.a.t.s.a.i.u.dao.VehicleDAOJDBC - Create vehicle :Vehicle: Title='two', Year=1990, Description='one', Seats=4, LicensePlate='hbqjhwr6243', TypeOfDrive='motorized', Power=30, Price=14, LicenseClass='A'}
19:02:00.659 [main] DEBUG a.a.t.s.a.i.u.dao.VehicleDAOJDBC - Entering showAll method
19:02:00.662 [main] DEBUG a.a.t.s.a.i.u.dao.VehicleDAOJDBC - Entering showAll method
19:02:00.665 [main] DEBUG a.a.t.s.a.i.u.dao.VehicleDAOJDBC - Search the Vehicle 54
19:02:00.669 [main] DEBUG a.a.t.s.a.i.u.dao.VehicleDAOJDBC - found!
19:02:00.672 [main] DEBUG a.a.t.s.a.i.u.dao.VehicleDAOJDBC - Entering showAll method
19:02:00.690 [main] DEBUG a.a.t.s.a.i.u.dao.VehicleDAOJDBC - Create vehicle :Vehicle: Title='two', Year=1990, Description='one', Seats=4, LicensePlate='hbqjhwr6243', TypeOfDrive='motorized', Power=30, Price=14, LicenseClass='A'}
19:02:00.693 [main] DEBUG a.a.t.s.a.i.u.dao.VehicleDAOJDBC - Entering showAll method
