08:41:14.069 [main] DEBUG a.a.t.s.a.i.a.MainApplication - Application starting with arguments=[]
08:41:16.065 [JavaFX Application Thread] DEBUG a.a.t.s.a.i.a.MainApplication - Application startup complete
08:41:42.637 [JavaFX Application Thread] INFO  a.a.t.s.a.i.u.ui.MainViewController - File chosen /Users/zi/Downloads/all/young-talents-day-2018-196.jpg
08:41:51.822 [JavaFX Application Thread] DEBUG a.a.t.s.a.i.a.MainApplication - Application shutdown initiated
08:57:46.903 [main] DEBUG a.a.t.s.a.i.a.MainApplication - Application starting with arguments=[]
08:57:48.857 [JavaFX Application Thread] DEBUG a.a.t.s.a.i.a.MainApplication - Application startup complete
08:58:27.489 [JavaFX Application Thread] INFO  a.a.t.s.a.i.u.ui.MainViewController - File chosen /Users/zi/Downloads/all/06_FolienAnwendungsfalldiagramm.pdf
08:58:44.983 [JavaFX Application Thread] INFO  a.a.t.s.a.i.u.ui.MainViewController - File chosen /Users/zi/Downloads/all/06_FolienAnwendungsfalldiagramm.pdf
08:58:47.853 [JavaFX Application Thread] DEBUG a.a.t.s.a.i.a.MainApplication - Application shutdown initiated
08:59:12.164 [main] DEBUG a.a.t.s.a.i.a.MainApplication - Application starting with arguments=[]
08:59:14.033 [JavaFX Application Thread] DEBUG a.a.t.s.a.i.a.MainApplication - Application startup complete
08:59:19.046 [JavaFX Application Thread] INFO  a.a.t.s.a.i.u.ui.MainViewController - File chosen /Users/zi/Downloads/all/06_FolienAnwendungsfalldiagramm.pdf
08:59:24.007 [JavaFX Application Thread] DEBUG a.a.t.s.a.i.a.MainApplication - Application shutdown initiated
09:07:44.063 [main] DEBUG a.a.t.s.a.i.a.MainApplication - Application starting with arguments=[]
09:07:45.794 [JavaFX Application Thread] DEBUG a.a.t.s.a.i.a.MainApplication - Application startup complete
09:08:02.150 [JavaFX Application Thread] INFO  a.a.t.s.a.i.u.ui.MainViewController - File chosen /Users/zi/Downloads/all/6_Sudio.jpg
09:08:21.457 [JavaFX Application Thread] INFO  a.a.t.s.a.i.u.ui.MainViewController - File chosen /Users/zi/Downloads/all/2fe08633cb352fa02388a9f2d586e506.jpg
09:09:11.722 [main] DEBUG a.a.t.s.a.i.a.MainApplication - Application starting with arguments=[]
09:09:13.574 [JavaFX Application Thread] DEBUG a.a.t.s.a.i.a.MainApplication - Application startup complete
09:10:03.463 [JavaFX Application Thread] INFO  a.a.t.s.a.i.u.ui.MainViewController - File chosen /Users/zi/Downloads/all/6_Sudio.jpg
09:10:08.151 [JavaFX Application Thread] DEBUG a.a.t.s.a.i.a.MainApplication - Application shutdown initiated
09:10:35.583 [main] DEBUG a.a.t.s.a.i.a.MainApplication - Application starting with arguments=[]
09:10:37.302 [JavaFX Application Thread] DEBUG a.a.t.s.a.i.a.MainApplication - Application startup complete
09:10:49.282 [JavaFX Application Thread] INFO  a.a.t.s.a.i.u.ui.MainViewController - File chosen /Users/zi/Downloads/all/6_Sudio.jpg
09:10:59.116 [JavaFX Application Thread] DEBUG a.a.t.s.a.i.a.MainApplication - Application shutdown initiated
09:11:19.459 [main] DEBUG a.a.t.s.a.i.a.MainApplication - Application starting with arguments=[]
09:11:21.067 [JavaFX Application Thread] DEBUG a.a.t.s.a.i.a.MainApplication - Application startup complete
09:11:41.003 [JavaFX Application Thread] INFO  a.a.t.s.a.i.u.ui.MainViewController - File chosen /Users/zi/Downloads/all/6_Sudio.jpg
09:11:44.112 [JavaFX Application Thread] INFO  a.a.t.s.a.i.u.ui.MainViewController - Save all Button
09:11:44.113 [JavaFX Application Thread] INFO  a.a.t.s.a.i.u.s.SimpleUniverseService - save all
09:11:44.114 [JavaFX Application Thread] INFO  a.a.t.s.a.i.u.dao.VehicleDAOJDBC - create :at.ac.tuwien.sepm.assignment.individual.vehicleRentalSystem.Entities.Vehicle@74f1c01e
09:11:44.201 [JavaFX Application Thread] INFO  a.a.t.s.a.i.u.s.SimpleUniverseService - save
09:12:05.330 [main] DEBUG a.a.t.s.a.i.a.MainApplication - Application starting with arguments=[]
09:12:07.027 [JavaFX Application Thread] DEBUG a.a.t.s.a.i.a.MainApplication - Application startup complete
09:12:30.711 [JavaFX Application Thread] INFO  a.a.t.s.a.i.u.ui.MainViewController - File chosen /Users/zi/Downloads/all/Adjektivdeklination_alle_Deklinationstypen_in_einer_Tabelle.png
09:12:32.374 [JavaFX Application Thread] INFO  a.a.t.s.a.i.u.ui.MainViewController - Save all Button
09:12:32.376 [JavaFX Application Thread] INFO  a.a.t.s.a.i.u.s.SimpleUniverseService - save all
09:12:32.376 [JavaFX Application Thread] INFO  a.a.t.s.a.i.u.dao.VehicleDAOJDBC - create :at.ac.tuwien.sepm.assignment.individual.vehicleRentalSystem.Entities.Vehicle@286a15de
09:12:32.452 [JavaFX Application Thread] INFO  a.a.t.s.a.i.u.s.SimpleUniverseService - save
09:12:34.620 [JavaFX Application Thread] DEBUG a.a.t.s.a.i.a.MainApplication - Application shutdown initiated
09:13:53.700 [main] DEBUG a.a.t.s.a.i.a.MainApplication - Application starting with arguments=[]
09:13:55.454 [JavaFX Application Thread] DEBUG a.a.t.s.a.i.a.MainApplication - Application startup complete
09:14:40.773 [JavaFX Application Thread] INFO  a.a.t.s.a.i.u.ui.MainViewController - File chosen /Users/zi/Downloads/all/6_Sudio.jpg
09:14:42.823 [JavaFX Application Thread] INFO  a.a.t.s.a.i.u.ui.MainViewController - Save all Button
09:14:42.825 [JavaFX Application Thread] INFO  a.a.t.s.a.i.u.s.SimpleUniverseService - save all
09:14:42.825 [JavaFX Application Thread] INFO  a.a.t.s.a.i.u.dao.VehicleDAOJDBC - create :at.ac.tuwien.sepm.assignment.individual.vehicleRentalSystem.Entities.Vehicle@23572796
09:14:42.897 [JavaFX Application Thread] INFO  a.a.t.s.a.i.u.s.SimpleUniverseService - save
09:26:04.118 [main] DEBUG a.a.t.s.a.i.a.MainApplication - Application starting with arguments=[]
09:26:05.928 [JavaFX Application Thread] DEBUG a.a.t.s.a.i.a.MainApplication - Application startup complete
09:26:24.095 [JavaFX Application Thread] INFO  a.a.t.s.a.i.u.ui.MainViewController - File chosen /Users/zi/Downloads/all/6_Sudio.jpg
09:26:25.948 [JavaFX Application Thread] INFO  a.a.t.s.a.i.u.ui.MainViewController - Save all Button
09:26:25.950 [JavaFX Application Thread] INFO  a.a.t.s.a.i.u.s.SimpleUniverseService - save all
09:26:25.950 [JavaFX Application Thread] INFO  a.a.t.s.a.i.u.dao.VehicleDAOJDBC - create :at.ac.tuwien.sepm.assignment.individual.vehicleRentalSystem.Entities.Vehicle@274cf381
09:26:26.028 [JavaFX Application Thread] INFO  a.a.t.s.a.i.u.s.SimpleUniverseService - save
09:26:28.972 [JavaFX Application Thread] DEBUG a.a.t.s.a.i.a.MainApplication - Application shutdown initiated
09:28:56.847 [main] DEBUG a.a.t.s.a.i.a.MainApplication - Application starting with arguments=[]
09:28:58.660 [JavaFX Application Thread] DEBUG a.a.t.s.a.i.a.MainApplication - Application startup complete
09:29:10.042 [JavaFX Application Thread] INFO  a.a.t.s.a.i.u.ui.MainViewController - File chosen /Users/zi/Downloads/all/6_Sudio.jpg
09:29:11.879 [JavaFX Application Thread] INFO  a.a.t.s.a.i.u.ui.MainViewController - Save all Button
09:29:11.881 [JavaFX Application Thread] INFO  a.a.t.s.a.i.u.s.SimpleUniverseService - save all
09:29:11.881 [JavaFX Application Thread] INFO  a.a.t.s.a.i.u.dao.VehicleDAOJDBC - create :at.ac.tuwien.sepm.assignment.individual.vehicleRentalSystem.Entities.Vehicle@46bdbd6d
09:29:11.966 [JavaFX Application Thread] INFO  a.a.t.s.a.i.u.s.SimpleUniverseService - save
09:30:30.342 [main] DEBUG a.a.t.s.a.i.a.MainApplication - Application starting with arguments=[]
09:30:32.149 [JavaFX Application Thread] DEBUG a.a.t.s.a.i.a.MainApplication - Application startup complete
09:30:43.285 [JavaFX Application Thread] INFO  a.a.t.s.a.i.u.ui.MainViewController - File chosen /Users/zi/Downloads/all/6_Sudio.jpg
09:30:44.309 [JavaFX Application Thread] INFO  a.a.t.s.a.i.u.ui.MainViewController - Save all Button
09:30:44.311 [JavaFX Application Thread] INFO  a.a.t.s.a.i.u.s.SimpleUniverseService - save all
09:30:44.312 [JavaFX Application Thread] INFO  a.a.t.s.a.i.u.dao.VehicleDAOJDBC - create :at.ac.tuwien.sepm.assignment.individual.vehicleRentalSystem.Entities.Vehicle@2acab2ff
09:30:44.382 [JavaFX Application Thread] INFO  a.a.t.s.a.i.u.s.SimpleUniverseService - save
09:40:48.851 [main] DEBUG a.a.t.s.a.i.a.MainApplication - Application starting with arguments=[]
09:40:50.533 [JavaFX Application Thread] DEBUG a.a.t.s.a.i.a.MainApplication - Application startup complete
09:41:05.716 [JavaFX Application Thread] INFO  a.a.t.s.a.i.u.ui.MainViewController - File chosen /Users/zi/Downloads/all/3e45d1fa88ed38792d64ba472e0c437f.jpg
09:41:10.343 [JavaFX Application Thread] INFO  a.a.t.s.a.i.u.ui.MainViewController - Save all Button
09:41:10.344 [JavaFX Application Thread] INFO  a.a.t.s.a.i.u.s.SimpleUniverseService - save all
09:41:10.344 [JavaFX Application Thread] INFO  a.a.t.s.a.i.u.dao.VehicleDAOJDBC - create :at.ac.tuwien.sepm.assignment.individual.vehicleRentalSystem.Entities.Vehicle@1b499221
09:41:10.433 [JavaFX Application Thread] INFO  a.a.t.s.a.i.u.s.SimpleUniverseService - save
09:41:57.647 [main] DEBUG a.a.t.s.a.i.a.MainApplication - Application starting with arguments=[]
09:41:59.247 [JavaFX Application Thread] DEBUG a.a.t.s.a.i.a.MainApplication - Application startup complete
09:42:18.961 [JavaFX Application Thread] INFO  a.a.t.s.a.i.u.ui.MainViewController - File chosen /Users/zi/Downloads/all/2fe08633cb352fa02388a9f2d586e506.jpg
09:42:20.990 [JavaFX Application Thread] INFO  a.a.t.s.a.i.u.ui.MainViewController - Save all Button
09:42:20.994 [JavaFX Application Thread] INFO  a.a.t.s.a.i.u.s.SimpleUniverseService - save all
09:42:20.994 [JavaFX Application Thread] INFO  a.a.t.s.a.i.u.dao.VehicleDAOJDBC - create :at.ac.tuwien.sepm.assignment.individual.vehicleRentalSystem.Entities.Vehicle@1e5e57cd
09:42:21.099 [JavaFX Application Thread] INFO  a.a.t.s.a.i.u.s.SimpleUniverseService - save
09:44:05.143 [main] DEBUG a.a.t.s.a.i.a.MainApplication - Application starting with arguments=[]
09:44:06.868 [JavaFX Application Thread] DEBUG a.a.t.s.a.i.a.MainApplication - Application startup complete
09:44:21.537 [JavaFX Application Thread] INFO  a.a.t.s.a.i.u.ui.MainViewController - File chosen /Users/zi/Downloads/all/3e45d1fa88ed38792d64ba472e0c437f.jpg
09:44:22.577 [JavaFX Application Thread] INFO  a.a.t.s.a.i.u.ui.MainViewController - Save all Button
09:44:22.578 [JavaFX Application Thread] INFO  a.a.t.s.a.i.u.s.SimpleUniverseService - save all
09:44:22.578 [JavaFX Application Thread] INFO  a.a.t.s.a.i.u.dao.VehicleDAOJDBC - create :at.ac.tuwien.sepm.assignment.individual.vehicleRentalSystem.Entities.Vehicle@32af68e5
09:44:22.649 [JavaFX Application Thread] INFO  a.a.t.s.a.i.u.s.SimpleUniverseService - save
09:44:24.866 [JavaFX Application Thread] DEBUG a.a.t.s.a.i.a.MainApplication - Application shutdown initiated
09:44:55.127 [main] DEBUG a.a.t.s.a.i.a.MainApplication - Application starting with arguments=[]
09:44:56.839 [JavaFX Application Thread] DEBUG a.a.t.s.a.i.a.MainApplication - Application startup complete
09:45:13.098 [JavaFX Application Thread] INFO  a.a.t.s.a.i.u.ui.MainViewController - File chosen /Users/zi/Downloads/all/3e45d1fa88ed38792d64ba472e0c437f.jpg
09:45:15.572 [JavaFX Application Thread] INFO  a.a.t.s.a.i.u.ui.MainViewController - Save all Button
09:45:15.573 [JavaFX Application Thread] INFO  a.a.t.s.a.i.u.s.SimpleUniverseService - save all
09:45:15.573 [JavaFX Application Thread] INFO  a.a.t.s.a.i.u.dao.VehicleDAOJDBC - create :at.ac.tuwien.sepm.assignment.individual.vehicleRentalSystem.Entities.Vehicle@48655a6
09:45:15.641 [JavaFX Application Thread] INFO  a.a.t.s.a.i.u.s.SimpleUniverseService - save
09:45:18.291 [JavaFX Application Thread] DEBUG a.a.t.s.a.i.a.MainApplication - Application shutdown initiated
09:45:35.705 [main] DEBUG a.a.t.s.a.i.a.MainApplication - Application starting with arguments=[]
09:45:37.345 [JavaFX Application Thread] DEBUG a.a.t.s.a.i.a.MainApplication - Application startup complete
09:45:57.460 [JavaFX Application Thread] INFO  a.a.t.s.a.i.u.ui.MainViewController - File chosen /Users/zi/Downloads/all/2fe08633cb352fa02388a9f2d586e506.jpg
09:46:03.782 [JavaFX Application Thread] INFO  a.a.t.s.a.i.u.ui.MainViewController - Save all Button
09:46:03.784 [JavaFX Application Thread] INFO  a.a.t.s.a.i.u.s.SimpleUniverseService - save all
09:46:03.784 [JavaFX Application Thread] INFO  a.a.t.s.a.i.u.dao.VehicleDAOJDBC - create :at.ac.tuwien.sepm.assignment.individual.vehicleRentalSystem.Entities.Vehicle@68048a18
09:46:03.857 [JavaFX Application Thread] INFO  a.a.t.s.a.i.u.s.SimpleUniverseService - save
09:46:22.851 [main] DEBUG a.a.t.s.a.i.a.MainApplication - Application starting with arguments=[]
09:46:24.754 [JavaFX Application Thread] DEBUG a.a.t.s.a.i.a.MainApplication - Application startup complete
09:46:37.657 [JavaFX Application Thread] INFO  a.a.t.s.a.i.u.ui.MainViewController - File chosen /Users/zi/Downloads/all/3e45d1fa88ed38792d64ba472e0c437f.jpg
09:46:39.005 [JavaFX Application Thread] INFO  a.a.t.s.a.i.u.ui.MainViewController - Save all Button
09:46:39.006 [JavaFX Application Thread] INFO  a.a.t.s.a.i.u.s.SimpleUniverseService - save all
09:46:39.006 [JavaFX Application Thread] INFO  a.a.t.s.a.i.u.dao.VehicleDAOJDBC - create :at.ac.tuwien.sepm.assignment.individual.vehicleRentalSystem.Entities.Vehicle@119f48e8
09:46:39.079 [JavaFX Application Thread] INFO  a.a.t.s.a.i.u.s.SimpleUniverseService - save
09:47:09.375 [main] DEBUG a.a.t.s.a.i.a.MainApplication - Application starting with arguments=[]
09:47:11.304 [JavaFX Application Thread] DEBUG a.a.t.s.a.i.a.MainApplication - Application startup complete
09:55:14.096 [JavaFX Application Thread] INFO  a.a.t.s.a.i.u.ui.MainViewController - File chosen /Users/zi/Downloads/all/3bcbeffd8bec285bf893666f67c8810a.png
09:55:15.196 [JavaFX Application Thread] INFO  a.a.t.s.a.i.u.ui.MainViewController - Save all Button
09:55:15.197 [JavaFX Application Thread] INFO  a.a.t.s.a.i.u.s.SimpleUniverseService - save all
09:55:15.198 [JavaFX Application Thread] INFO  a.a.t.s.a.i.u.dao.VehicleDAOJDBC - create :at.ac.tuwien.sepm.assignment.individual.vehicleRentalSystem.Entities.Vehicle@18df52b7
09:55:15.279 [JavaFX Application Thread] INFO  a.a.t.s.a.i.u.s.SimpleUniverseService - save
09:57:35.044 [main] DEBUG a.a.t.s.a.i.a.MainApplication - Application starting with arguments=[]
09:57:36.733 [JavaFX Application Thread] DEBUG a.a.t.s.a.i.a.MainApplication - Application startup complete
09:57:52.799 [JavaFX Application Thread] INFO  a.a.t.s.a.i.u.ui.MainViewController - File chosen /Users/zi/Downloads/all/2fe08633cb352fa02388a9f2d586e506.jpg
09:57:53.058 [JavaFX Application Thread] INFO  a.a.t.s.a.i.u.ui.MainViewController - PNG
09:58:05.827 [JavaFX Application Thread] INFO  a.a.t.s.a.i.u.ui.MainViewController - File chosen /Users/zi/Downloads/all/2fe08633cb352fa02388a9f2d586e506.jpg
09:58:05.914 [JavaFX Application Thread] INFO  a.a.t.s.a.i.u.ui.MainViewController - PNG
10:01:35.140 [main] DEBUG a.a.t.s.a.i.a.MainApplication - Application starting with arguments=[]
10:01:36.815 [JavaFX Application Thread] DEBUG a.a.t.s.a.i.a.MainApplication - Application startup complete
10:02:08.223 [JavaFX Application Thread] INFO  a.a.t.s.a.i.u.ui.MainViewController - File chosen /Users/zi/Desktop/1.png
10:02:08.333 [JavaFX Application Thread] INFO  a.a.t.s.a.i.u.ui.MainViewController - PNG
10:02:14.593 [JavaFX Application Thread] INFO  a.a.t.s.a.i.u.ui.MainViewController - File chosen /Users/zi/Desktop/1.jpg
10:02:14.694 [JavaFX Application Thread] INFO  a.a.t.s.a.i.u.ui.MainViewController - PNG
10:08:28.301 [main] DEBUG a.a.t.s.a.i.a.MainApplication - Application starting with arguments=[]
10:08:30.225 [JavaFX Application Thread] DEBUG a.a.t.s.a.i.a.MainApplication - Application startup complete
10:08:43.153 [JavaFX Application Thread] INFO  a.a.t.s.a.i.u.ui.MainViewController - File chosen /Users/zi/Desktop/2.jpg
10:09:20.133 [main] DEBUG a.a.t.s.a.i.a.MainApplication - Application starting with arguments=[]
10:09:21.931 [JavaFX Application Thread] DEBUG a.a.t.s.a.i.a.MainApplication - Application startup complete
10:09:27.236 [JavaFX Application Thread] INFO  a.a.t.s.a.i.u.ui.MainViewController - File chosen /Users/zi/Desktop/1.png
10:09:27.268 [JavaFX Application Thread] INFO  a.a.t.s.a.i.u.ui.MainViewController - 23
10:09:30.961 [JavaFX Application Thread] DEBUG a.a.t.s.a.i.a.MainApplication - Application shutdown initiated
10:11:48.642 [main] DEBUG a.a.t.s.a.i.a.MainApplication - Application starting with arguments=[]
10:11:50.444 [JavaFX Application Thread] DEBUG a.a.t.s.a.i.a.MainApplication - Application startup complete
10:12:07.990 [main] DEBUG a.a.t.s.a.i.a.MainApplication - Application starting with arguments=[]
10:12:09.635 [JavaFX Application Thread] DEBUG a.a.t.s.a.i.a.MainApplication - Application startup complete
10:12:23.681 [JavaFX Application Thread] INFO  a.a.t.s.a.i.u.ui.MainViewController - File chosen /Users/zi/Desktop/1.png
10:12:23.715 [JavaFX Application Thread] INFO  a.a.t.s.a.i.u.ui.MainViewController - 3691
10:12:34.036 [JavaFX Application Thread] INFO  a.a.t.s.a.i.u.ui.MainViewController - File chosen /Users/zi/Desktop/1.jpg
10:12:34.096 [JavaFX Application Thread] INFO  a.a.t.s.a.i.u.ui.MainViewController - 221157
10:12:40.176 [JavaFX Application Thread] DEBUG a.a.t.s.a.i.a.MainApplication - Application shutdown initiated
10:12:51.041 [main] DEBUG a.a.t.s.a.i.a.MainApplication - Application starting with arguments=[]
10:12:52.800 [JavaFX Application Thread] DEBUG a.a.t.s.a.i.a.MainApplication - Application startup complete
10:13:51.288 [main] DEBUG a.a.t.s.a.i.a.MainApplication - Application starting with arguments=[]
10:13:53.055 [JavaFX Application Thread] DEBUG a.a.t.s.a.i.a.MainApplication - Application startup complete
10:13:59.374 [JavaFX Application Thread] INFO  a.a.t.s.a.i.u.ui.MainViewController - File chosen /Users/zi/Desktop/2.jpg
10:14:12.660 [JavaFX Application Thread] INFO  a.a.t.s.a.i.u.ui.MainViewController - File chosen /Users/zi/Desktop/1.png
10:14:22.015 [JavaFX Application Thread] DEBUG a.a.t.s.a.i.a.MainApplication - Application shutdown initiated
10:14:36.192 [main] DEBUG a.a.t.s.a.i.a.MainApplication - Application starting with arguments=[]
10:14:38.232 [JavaFX Application Thread] DEBUG a.a.t.s.a.i.a.MainApplication - Application startup complete
10:14:42.327 [JavaFX Application Thread] INFO  a.a.t.s.a.i.u.ui.MainViewController - File chosen /Users/zi/Desktop/2.jpg
10:14:42.445 [JavaFX Application Thread] INFO  a.a.t.s.a.i.u.ui.MainViewController - 88506
10:15:09.830 [main] DEBUG a.a.t.s.a.i.a.MainApplication - Application starting with arguments=[]
10:15:11.462 [JavaFX Application Thread] DEBUG a.a.t.s.a.i.a.MainApplication - Application startup complete
10:15:19.219 [JavaFX Application Thread] INFO  a.a.t.s.a.i.u.ui.MainViewController - File chosen /Users/zi/Desktop/1.png
10:15:19.251 [JavaFX Application Thread] INFO  a.a.t.s.a.i.u.ui.MainViewController - 3691
10:15:23.906 [JavaFX Application Thread] DEBUG a.a.t.s.a.i.a.MainApplication - Application shutdown initiated
10:16:17.052 [main] DEBUG a.a.t.s.a.i.a.MainApplication - Application starting with arguments=[]
10:16:18.740 [JavaFX Application Thread] DEBUG a.a.t.s.a.i.a.MainApplication - Application startup complete
10:16:22.860 [JavaFX Application Thread] INFO  a.a.t.s.a.i.u.ui.MainViewController - File chosen /Users/zi/Desktop/1.png
10:16:22.893 [JavaFX Application Thread] INFO  a.a.t.s.a.i.u.ui.MainViewController - PNG
10:16:26.819 [JavaFX Application Thread] DEBUG a.a.t.s.a.i.a.MainApplication - Application shutdown initiated
10:17:07.721 [main] DEBUG a.a.t.s.a.i.a.MainApplication - Application starting with arguments=[]
10:17:09.328 [JavaFX Application Thread] DEBUG a.a.t.s.a.i.a.MainApplication - Application startup complete
10:17:14.278 [JavaFX Application Thread] INFO  a.a.t.s.a.i.u.ui.MainViewController - File chosen /Users/zi/Desktop/1.jpg
10:17:14.490 [JavaFX Application Thread] INFO  a.a.t.s.a.i.u.ui.MainViewController - PNG
10:17:25.934 [JavaFX Application Thread] INFO  a.a.t.s.a.i.u.ui.MainViewController - File chosen /Users/zi/Desktop/lesson3_new-4.pdf
10:25:42.186 [main] DEBUG a.a.t.s.a.i.a.MainApplication - Application starting with arguments=[]
10:25:44.056 [JavaFX Application Thread] DEBUG a.a.t.s.a.i.a.MainApplication - Application startup complete
10:25:49.023 [JavaFX Application Thread] INFO  a.a.t.s.a.i.u.ui.MainViewController - File chosen /Users/zi/Desktop/1.png
10:25:52.670 [JavaFX Application Thread] DEBUG a.a.t.s.a.i.a.MainApplication - Application shutdown initiated
10:28:08.814 [main] DEBUG a.a.t.s.a.i.a.MainApplication - Application starting with arguments=[]
10:28:10.534 [JavaFX Application Thread] DEBUG a.a.t.s.a.i.a.MainApplication - Application startup complete
10:28:15.824 [JavaFX Application Thread] INFO  a.a.t.s.a.i.u.ui.MainViewController - File chosen /Users/zi/Desktop/2.jpg
10:28:15.941 [JavaFX Application Thread] INFO  a.a.t.s.a.i.u.ui.MainViewController - false
10:28:21.427 [JavaFX Application Thread] DEBUG a.a.t.s.a.i.a.MainApplication - Application shutdown initiated
10:28:56.291 [main] DEBUG a.a.t.s.a.i.a.MainApplication - Application starting with arguments=[]
10:28:57.994 [JavaFX Application Thread] DEBUG a.a.t.s.a.i.a.MainApplication - Application startup complete
10:29:07.782 [JavaFX Application Thread] INFO  a.a.t.s.a.i.u.ui.MainViewController - File chosen /Users/zi/Desktop/2.jpg
10:29:07.906 [JavaFX Application Thread] INFO  a.a.t.s.a.i.u.ui.MainViewController -
10:29:07.908 [JavaFX Application Thread] INFO  a.a.t.s.a.i.u.ui.MainViewController - false
10:29:28.184 [JavaFX Application Thread] DEBUG a.a.t.s.a.i.a.MainApplication - Application shutdown initiated
10:30:03.091 [main] DEBUG a.a.t.s.a.i.a.MainApplication - Application starting with arguments=[]
10:30:04.929 [JavaFX Application Thread] DEBUG a.a.t.s.a.i.a.MainApplication - Application startup complete
10:30:10.206 [JavaFX Application Thread] INFO  a.a.t.s.a.i.u.ui.MainViewController - File chosen /Users/zi/Desktop/1.png
10:30:10.237 [JavaFX Application Thread] INFO  a.a.t.s.a.i.u.ui.MainViewController -
10:30:10.239 [JavaFX Application Thread] INFO  a.a.t.s.a.i.u.ui.MainViewController - false
10:30:15.033 [JavaFX Application Thread] DEBUG a.a.t.s.a.i.a.MainApplication - Application shutdown initiated
10:30:53.710 [main] DEBUG a.a.t.s.a.i.a.MainApplication - Application starting with arguments=[]
10:30:55.558 [JavaFX Application Thread] DEBUG a.a.t.s.a.i.a.MainApplication - Application startup complete
10:30:59.600 [JavaFX Application Thread] INFO  a.a.t.s.a.i.u.ui.MainViewController - File chosen /Users/zi/Desktop/1.png
10:30:59.632 [JavaFX Application Thread] INFO  a.a.t.s.a.i.u.ui.MainViewController -
10:30:59.633 [JavaFX Application Thread] INFO  a.a.t.s.a.i.u.ui.MainViewController - false
10:31:02.980 [JavaFX Application Thread] DEBUG a.a.t.s.a.i.a.MainApplication - Application shutdown initiated
14:03:50.312 [main] DEBUG a.a.t.s.a.i.a.MainApplication - Application starting with arguments=[]
14:03:52.447 [JavaFX Application Thread] DEBUG a.a.t.s.a.i.a.MainApplication - Application startup complete
14:03:58.360 [JavaFX Application Thread] INFO  a.a.t.s.a.i.u.ui.MainViewController - File chosen /Users/zi/Desktop/1.png
14:03:58.415 [JavaFX Application Thread] INFO  a.a.t.s.a.i.u.ui.MainViewController -
14:03:58.417 [JavaFX Application Thread] INFO  a.a.t.s.a.i.u.ui.MainViewController - false
14:04:02.450 [JavaFX Application Thread] DEBUG a.a.t.s.a.i.a.MainApplication - Application shutdown initiated
14:05:23.717 [main] DEBUG a.a.t.s.a.i.a.MainApplication - Application starting with arguments=[]
14:05:25.781 [JavaFX Application Thread] DEBUG a.a.t.s.a.i.a.MainApplication - Application startup complete
14:05:31.522 [JavaFX Application Thread] INFO  a.a.t.s.a.i.u.ui.MainViewController - File chosen /Users/zi/Desktop/2.jpg
14:05:31.639 [JavaFX Application Thread] INFO  a.a.t.s.a.i.u.ui.MainViewController - *
14:05:31.641 [JavaFX Application Thread] INFO  a.a.t.s.a.i.u.ui.MainViewController - false++
14:05:31.643 [JavaFX Application Thread] INFO  a.a.t.s.a.i.u.ui.MainViewController - false
14:05:38.562 [JavaFX Application Thread] DEBUG a.a.t.s.a.i.a.MainApplication - Application shutdown initiated
14:07:01.726 [main] DEBUG a.a.t.s.a.i.a.MainApplication - Application starting with arguments=[]
14:07:03.633 [JavaFX Application Thread] DEBUG a.a.t.s.a.i.a.MainApplication - Application startup complete
14:07:07.944 [JavaFX Application Thread] INFO  a.a.t.s.a.i.u.ui.MainViewController - File chosen /Users/zi/Desktop/1.jpg
14:07:08.029 [JavaFX Application Thread] INFO  a.a.t.s.a.i.u.ui.MainViewController - *
14:07:08.032 [JavaFX Application Thread] INFO  a.a.t.s.a.i.u.ui.MainViewController - false++
14:07:08.034 [JavaFX Application Thread] INFO  a.a.t.s.a.i.u.ui.MainViewController - false
14:08:11.964 [main] DEBUG a.a.t.s.a.i.a.MainApplication - Application starting with arguments=[]
14:08:13.839 [JavaFX Application Thread] DEBUG a.a.t.s.a.i.a.MainApplication - Application startup complete
14:08:17.520 [JavaFX Application Thread] INFO  a.a.t.s.a.i.u.ui.MainViewController - File chosen /Users/zi/Desktop/2.jpg
14:08:17.646 [JavaFX Application Thread] INFO  a.a.t.s.a.i.u.ui.MainViewController - *
14:08:17.648 [JavaFX Application Thread] INFO  a.a.t.s.a.i.u.ui.MainViewController - false++
14:08:17.650 [JavaFX Application Thread] INFO  a.a.t.s.a.i.u.ui.MainViewController - false
14:08:58.726 [main] DEBUG a.a.t.s.a.i.a.MainApplication - Application starting with arguments=[]
14:09:00.519 [JavaFX Application Thread] DEBUG a.a.t.s.a.i.a.MainApplication - Application startup complete
14:09:05.586 [JavaFX Application Thread] INFO  a.a.t.s.a.i.u.ui.MainViewController - File chosen /Users/zi/Desktop/1.png
14:09:05.624 [JavaFX Application Thread] INFO  a.a.t.s.a.i.u.ui.MainViewController - -1991225785
14:09:05.624 [JavaFX Application Thread] INFO  a.a.t.s.a.i.u.ui.MainViewController - *
14:09:05.624 [JavaFX Application Thread] INFO  a.a.t.s.a.i.u.ui.MainViewController - -1991225785
14:09:05.625 [JavaFX Application Thread] INFO  a.a.t.s.a.i.u.ui.MainViewController - -1991225785
14:09:05.627 [JavaFX Application Thread] INFO  a.a.t.s.a.i.u.ui.MainViewController - false++
14:09:05.628 [JavaFX Application Thread] INFO  a.a.t.s.a.i.u.ui.MainViewController - -1991225785
14:09:05.628 [JavaFX Application Thread] INFO  a.a.t.s.a.i.u.ui.MainViewController - -1991225785
14:09:05.628 [JavaFX Application Thread] INFO  a.a.t.s.a.i.u.ui.MainViewController - false
14:09:05.628 [JavaFX Application Thread] INFO  a.a.t.s.a.i.u.ui.MainViewController - -1991225785
14:09:05.629 [JavaFX Application Thread] INFO  a.a.t.s.a.i.u.ui.MainViewController - -1991225785
14:16:56.932 [main] DEBUG a.a.t.s.a.i.a.MainApplication - Application starting with arguments=[]
14:16:58.685 [JavaFX Application Thread] DEBUG a.a.t.s.a.i.a.MainApplication - Application startup complete
14:17:02.333 [JavaFX Application Thread] INFO  a.a.t.s.a.i.u.ui.MainViewController - File chosen /Users/zi/Desktop/2.jpg
14:18:08.964 [main] DEBUG a.a.t.s.a.i.a.MainApplication - Application starting with arguments=[]
14:18:11.280 [JavaFX Application Thread] DEBUG a.a.t.s.a.i.a.MainApplication - Application startup complete
14:18:15.936 [JavaFX Application Thread] INFO  a.a.t.s.a.i.u.ui.MainViewController - File chosen /Users/zi/Desktop/1.png
14:18:16.110 [JavaFX Application Thread] INFO  a.a.t.s.a.i.u.ui.MainViewController - null
14:18:16.111 [JavaFX Application Thread] INFO  a.a.t.s.a.i.u.ui.MainViewController - -2555936
14:18:16.111 [JavaFX Application Thread] INFO  a.a.t.s.a.i.u.ui.MainViewController -
14:18:22.086 [JavaFX Application Thread] DEBUG a.a.t.s.a.i.a.MainApplication - Application shutdown initiated
14:18:34.435 [main] DEBUG a.a.t.s.a.i.a.MainApplication - Application starting with arguments=[]
14:18:36.293 [JavaFX Application Thread] DEBUG a.a.t.s.a.i.a.MainApplication - Application startup complete
14:18:37.362 [JavaFX Application Thread] DEBUG a.a.t.s.a.i.a.MainApplication - Application shutdown initiated
14:21:47.382 [main] DEBUG a.a.t.s.a.i.a.MainApplication - Application starting with arguments=[]
14:21:49.200 [JavaFX Application Thread] DEBUG a.a.t.s.a.i.a.MainApplication - Application startup complete
14:21:50.854 [JavaFX Application Thread] INFO  a.a.t.s.a.i.u.ui.MainViewController - Save all Button
14:21:50.856 [JavaFX Application Thread] INFO  a.a.t.s.a.i.u.ui.MainViewController - java.lang.NullPointerException
14:21:58.751 [JavaFX Application Thread] INFO  a.a.t.s.a.i.u.ui.MainViewController - File chosen /Users/zi/Desktop/2.jpg
14:21:58.874 [JavaFX Application Thread] INFO  a.a.t.s.a.i.u.ui.MainViewController - jpg
14:21:58.975 [JavaFX Application Thread] INFO  a.a.t.s.a.i.u.ui.MainViewController - jpg
14:22:01.923 [JavaFX Application Thread] DEBUG a.a.t.s.a.i.a.MainApplication - Application shutdown initiated
14:22:37.833 [main] DEBUG a.a.t.s.a.i.a.MainApplication - Application starting with arguments=[]
14:22:39.630 [JavaFX Application Thread] DEBUG a.a.t.s.a.i.a.MainApplication - Application startup complete
14:22:44.348 [JavaFX Application Thread] INFO  a.a.t.s.a.i.u.ui.MainViewController - File chosen /Users/zi/Desktop/1.jpg
14:22:44.562 [JavaFX Application Thread] INFO  a.a.t.s.a.i.u.ui.MainViewController - jpg
14:22:49.050 [JavaFX Application Thread] INFO  a.a.t.s.a.i.u.ui.MainViewController - Save all Button
14:22:49.051 [JavaFX Application Thread] INFO  a.a.t.s.a.i.u.ui.MainViewController - java.lang.NullPointerException
14:22:59.528 [JavaFX Application Thread] INFO  a.a.t.s.a.i.u.ui.MainViewController - Save all Button
14:22:59.530 [JavaFX Application Thread] INFO  a.a.t.s.a.i.u.s.SimpleUniverseService - save all
14:22:59.531 [JavaFX Application Thread] INFO  a.a.t.s.a.i.u.dao.VehicleDAOJDBC - create :at.ac.tuwien.sepm.assignment.individual.vehicleRentalSystem.Entities.Vehicle@1489c56
14:23:00.864 [JavaFX Application Thread] INFO  a.a.t.s.a.i.u.ui.MainViewController - java.lang.NullPointerException
14:29:28.993 [main] DEBUG a.a.t.s.a.i.a.MainApplication - Application starting with arguments=[]
14:29:31.040 [JavaFX Application Thread] DEBUG a.a.t.s.a.i.a.MainApplication - Application startup complete
14:30:04.179 [JavaFX Application Thread] INFO  a.a.t.s.a.i.u.ui.MainViewController - File chosen /Users/zi/Desktop/1.png
14:30:04.292 [JavaFX Application Thread] INFO  a.a.t.s.a.i.u.ui.MainViewController - jpg
14:30:05.644 [JavaFX Application Thread] INFO  a.a.t.s.a.i.u.ui.MainViewController - Save all Button
14:30:05.646 [JavaFX Application Thread] INFO  a.a.t.s.a.i.u.s.SimpleUniverseService - save all
14:30:05.646 [JavaFX Application Thread] INFO  a.a.t.s.a.i.u.dao.VehicleDAOJDBC - create :at.ac.tuwien.sepm.assignment.individual.vehicleRentalSystem.Entities.Vehicle@74154bdb
14:30:05.744 [JavaFX Application Thread] INFO  a.a.t.s.a.i.u.s.SimpleUniverseService - save
14:31:10.291 [main] DEBUG a.a.t.s.a.i.a.MainApplication - Application starting with arguments=[]
14:31:12.033 [JavaFX Application Thread] DEBUG a.a.t.s.a.i.a.MainApplication - Application startup complete
14:31:28.019 [JavaFX Application Thread] INFO  a.a.t.s.a.i.u.ui.MainViewController - File chosen /Users/zi/Desktop/1.jpg
14:31:28.219 [JavaFX Application Thread] INFO  a.a.t.s.a.i.u.ui.MainViewController - jpg
14:31:30.191 [JavaFX Application Thread] INFO  a.a.t.s.a.i.u.ui.MainViewController - Save all Button
14:31:30.192 [JavaFX Application Thread] INFO  a.a.t.s.a.i.u.s.SimpleUniverseService - save all
14:31:30.192 [JavaFX Application Thread] INFO  a.a.t.s.a.i.u.dao.VehicleDAOJDBC - create :at.ac.tuwien.sepm.assignment.individual.vehicleRentalSystem.Entities.Vehicle@5ca38d9e
14:31:30.277 [JavaFX Application Thread] INFO  a.a.t.s.a.i.u.s.SimpleUniverseService - save
14:32:44.367 [main] DEBUG a.a.t.s.a.i.a.MainApplication - Application starting with arguments=[]
14:32:46.209 [JavaFX Application Thread] DEBUG a.a.t.s.a.i.a.MainApplication - Application startup complete
14:32:57.850 [JavaFX Application Thread] INFO  a.a.t.s.a.i.u.ui.MainViewController - File chosen /Users/zi/Desktop/1.png
14:32:57.969 [JavaFX Application Thread] INFO  a.a.t.s.a.i.u.ui.MainViewController - png
14:32:59.390 [JavaFX Application Thread] INFO  a.a.t.s.a.i.u.ui.MainViewController - Save all Button
14:32:59.391 [JavaFX Application Thread] INFO  a.a.t.s.a.i.u.s.SimpleUniverseService - save all
14:32:59.391 [JavaFX Application Thread] INFO  a.a.t.s.a.i.u.dao.VehicleDAOJDBC - create :at.ac.tuwien.sepm.assignment.individual.vehicleRentalSystem.Entities.Vehicle@66473110
14:32:59.476 [JavaFX Application Thread] INFO  a.a.t.s.a.i.u.s.SimpleUniverseService - save
14:42:49.869 [main] DEBUG a.a.t.s.a.i.a.MainApplication - Application starting with arguments=[]
14:42:51.678 [JavaFX Application Thread] DEBUG a.a.t.s.a.i.a.MainApplication - Application startup complete
14:43:27.716 [main] DEBUG a.a.t.s.a.i.a.MainApplication - Application starting with arguments=[]
14:43:29.472 [JavaFX Application Thread] DEBUG a.a.t.s.a.i.a.MainApplication - Application startup complete
14:43:40.423 [main] DEBUG a.a.t.s.a.i.a.MainApplication - Application starting with arguments=[]
14:43:42.255 [JavaFX Application Thread] DEBUG a.a.t.s.a.i.a.MainApplication - Application startup complete
14:43:56.516 [JavaFX Application Thread] INFO  a.a.t.s.a.i.u.ui.MainViewController - File chosen /Users/zi/Desktop/2.jpg
14:43:56.636 [JavaFX Application Thread] INFO  a.a.t.s.a.i.u.ui.MainViewController - false
14:43:56.636 [JavaFX Application Thread] INFO  a.a.t.s.a.i.u.ui.MainViewController - false
14:43:56.747 [JavaFX Application Thread] INFO  a.a.t.s.a.i.u.ui.MainViewController - jpg
14:44:04.669 [JavaFX Application Thread] DEBUG a.a.t.s.a.i.a.MainApplication - Application shutdown initiated
14:44:32.448 [main] DEBUG a.a.t.s.a.i.a.MainApplication - Application starting with arguments=[]
14:44:34.271 [JavaFX Application Thread] DEBUG a.a.t.s.a.i.a.MainApplication - Application startup complete
14:44:37.821 [JavaFX Application Thread] INFO  a.a.t.s.a.i.u.ui.MainViewController - File chosen /Users/zi/Desktop/2.jpg
14:44:37.942 [JavaFX Application Thread] INFO  a.a.t.s.a.i.u.ui.MainViewController - 638
14:44:37.942 [JavaFX Application Thread] INFO  a.a.t.s.a.i.u.ui.MainViewController - 638
14:44:38.047 [JavaFX Application Thread] INFO  a.a.t.s.a.i.u.ui.MainViewController - jpg
14:47:28.563 [main] DEBUG a.a.t.s.a.i.a.MainApplication - Application starting with arguments=[]
14:47:30.446 [JavaFX Application Thread] DEBUG a.a.t.s.a.i.a.MainApplication - Application startup complete
14:47:35.898 [JavaFX Application Thread] INFO  a.a.t.s.a.i.u.ui.MainViewController - File chosen /Users/zi/Desktop/1.jpg
14:47:35.995 [JavaFX Application Thread] INFO  a.a.t.s.a.i.u.ui.MainViewController - ByteInterleavedRaster: width = 1900 height = 1068 #numDataElements 3 dataOff[0] = 2
14:47:35.997 [JavaFX Application Thread] INFO  a.a.t.s.a.i.u.ui.MainViewController - 1068
14:47:36.141 [JavaFX Application Thread] INFO  a.a.t.s.a.i.u.ui.MainViewController - jpg
14:49:57.309 [main] DEBUG a.a.t.s.a.i.a.MainApplication - Application starting with arguments=[]
14:49:59.148 [JavaFX Application Thread] DEBUG a.a.t.s.a.i.a.MainApplication - Application startup complete
14:50:04.123 [JavaFX Application Thread] INFO  a.a.t.s.a.i.u.ui.MainViewController - File chosen /Users/zi/Desktop/1.jpg
14:50:04.230 [JavaFX Application Thread] INFO  a.a.t.s.a.i.u.ui.MainViewController - 1068
14:50:04.231 [JavaFX Application Thread] INFO  a.a.t.s.a.i.u.ui.MainViewController - 1900
14:50:04.382 [JavaFX Application Thread] INFO  a.a.t.s.a.i.u.ui.MainViewController - jpg
14:50:45.425 [main] DEBUG a.a.t.s.a.i.a.MainApplication - Application starting with arguments=[]
14:50:47.476 [JavaFX Application Thread] DEBUG a.a.t.s.a.i.a.MainApplication - Application startup complete
14:51:05.792 [JavaFX Application Thread] DEBUG a.a.t.s.a.i.a.MainApplication - Application shutdown initiated
14:51:11.956 [JavaFX Application Thread] INFO  a.a.t.s.a.i.u.ui.MainViewController - File chosen /Users/zi/Desktop/1.png
14:51:15.687 [JavaFX Application Thread] DEBUG a.a.t.s.a.i.a.MainApplication - Application shutdown initiated
14:57:28.330 [main] DEBUG a.a.t.s.a.i.a.MainApplication - Application starting with arguments=[]
14:57:30.158 [JavaFX Application Thread] DEBUG a.a.t.s.a.i.a.MainApplication - Application startup complete
14:57:31.790 [JavaFX Application Thread] INFO  a.a.t.s.a.i.u.ui.MainViewController - Save all Button
14:58:08.136 [main] DEBUG a.a.t.s.a.i.a.MainApplication - Application starting with arguments=[]
14:58:09.829 [JavaFX Application Thread] DEBUG a.a.t.s.a.i.a.MainApplication - Application startup complete
14:58:10.829 [JavaFX Application Thread] INFO  a.a.t.s.a.i.u.ui.MainViewController - Save all Button
14:58:36.270 [main] DEBUG a.a.t.s.a.i.a.MainApplication - Application starting with arguments=[]
14:58:38.202 [JavaFX Application Thread] DEBUG a.a.t.s.a.i.a.MainApplication - Application startup complete
14:58:39.238 [JavaFX Application Thread] INFO  a.a.t.s.a.i.u.ui.MainViewController - Save all Button
14:59:13.449 [main] DEBUG a.a.t.s.a.i.a.MainApplication - Application starting with arguments=[]
14:59:15.277 [JavaFX Application Thread] DEBUG a.a.t.s.a.i.a.MainApplication - Application startup complete
14:59:16.119 [JavaFX Application Thread] INFO  a.a.t.s.a.i.u.ui.MainViewController - Save all Button
14:59:19.873 [JavaFX Application Thread] DEBUG a.a.t.s.a.i.a.MainApplication - Application shutdown initiated
15:06:40.588 [main] DEBUG a.a.t.s.a.i.a.MainApplication - Application starting with arguments=[]
15:06:42.541 [JavaFX Application Thread] DEBUG a.a.t.s.a.i.a.MainApplication - Application startup complete
15:06:44.536 [JavaFX Application Thread] INFO  a.a.t.s.a.i.u.ui.MainViewController - Save all Button
15:07:41.854 [JavaFX Application Thread] DEBUG a.a.t.s.a.i.a.MainApplication - Application shutdown initiated
15:07:51.934 [main] DEBUG a.a.t.s.a.i.a.MainApplication - Application starting with arguments=[]
15:07:53.572 [JavaFX Application Thread] DEBUG a.a.t.s.a.i.a.MainApplication - Application startup complete
15:07:54.499 [JavaFX Application Thread] INFO  a.a.t.s.a.i.u.ui.MainViewController - Save all Button
15:07:56.865 [JavaFX Application Thread] DEBUG a.a.t.s.a.i.a.MainApplication - Application shutdown initiated
15:09:31.637 [main] DEBUG a.a.t.s.a.i.a.MainApplication - Application starting with arguments=[]
15:09:33.396 [JavaFX Application Thread] DEBUG a.a.t.s.a.i.a.MainApplication - Application startup complete
15:09:34.350 [JavaFX Application Thread] INFO  a.a.t.s.a.i.u.ui.MainViewController - Save all Button
15:11:20.991 [main] DEBUG a.a.t.s.a.i.a.MainApplication - Application starting with arguments=[]
15:11:22.775 [JavaFX Application Thread] DEBUG a.a.t.s.a.i.a.MainApplication - Application startup complete
15:11:24.398 [JavaFX Application Thread] INFO  a.a.t.s.a.i.u.ui.MainViewController - Save all Button
15:26:37.371 [main] DEBUG a.a.t.s.a.i.a.MainApplication - Application starting with arguments=[]
15:26:39.252 [JavaFX Application Thread] DEBUG a.a.t.s.a.i.a.MainApplication - Application startup complete
15:26:40.769 [JavaFX Application Thread] INFO  a.a.t.s.a.i.u.ui.MainViewController - false
15:26:40.769 [JavaFX Application Thread] INFO  a.a.t.s.a.i.u.ui.MainViewController - Save all Button
15:26:43.868 [JavaFX Application Thread] DEBUG a.a.t.s.a.i.a.MainApplication - Application shutdown initiated
15:27:51.276 [main] DEBUG a.a.t.s.a.i.a.MainApplication - Application starting with arguments=[]
15:27:53.369 [JavaFX Application Thread] DEBUG a.a.t.s.a.i.a.MainApplication - Application startup complete
15:27:54.750 [JavaFX Application Thread] INFO  a.a.t.s.a.i.u.ui.MainViewController - Save all Button
15:27:59.276 [JavaFX Application Thread] DEBUG a.a.t.s.a.i.a.MainApplication - Application shutdown initiated
15:35:37.768 [main] DEBUG a.a.t.s.a.i.a.MainApplication - Application starting with arguments=[]
15:35:39.568 [JavaFX Application Thread] DEBUG a.a.t.s.a.i.a.MainApplication - Application startup complete
15:35:40.771 [JavaFX Application Thread] INFO  a.a.t.s.a.i.u.ui.MainViewController - Save all Button
15:35:43.867 [JavaFX Application Thread] DEBUG a.a.t.s.a.i.a.MainApplication - Application shutdown initiated
15:36:13.506 [main] DEBUG a.a.t.s.a.i.a.MainApplication - Application starting with arguments=[]
15:36:15.282 [JavaFX Application Thread] DEBUG a.a.t.s.a.i.a.MainApplication - Application startup complete
15:36:16.187 [JavaFX Application Thread] INFO  a.a.t.s.a.i.u.ui.MainViewController - Save all Button
15:36:17.592 [JavaFX Application Thread] INFO  a.a.t.s.a.i.u.ui.MainViewController - Please CHECK THE formats !
15:36:20.325 [JavaFX Application Thread] DEBUG a.a.t.s.a.i.a.MainApplication - Application shutdown initiated
15:37:18.434 [main] DEBUG a.a.t.s.a.i.a.MainApplication - Application starting with arguments=[]
15:37:20.429 [JavaFX Application Thread] DEBUG a.a.t.s.a.i.a.MainApplication - Application startup complete
15:37:31.109 [JavaFX Application Thread] INFO  a.a.t.s.a.i.u.ui.MainViewController - Save all Button
15:37:35.646 [JavaFX Application Thread] INFO  a.a.t.s.a.i.u.ui.MainViewController - For input string: ""
15:37:55.143 [main] DEBUG a.a.t.s.a.i.a.MainApplication - Application starting with arguments=[]
15:37:57.010 [JavaFX Application Thread] DEBUG a.a.t.s.a.i.a.MainApplication - Application startup complete
15:37:58.656 [JavaFX Application Thread] INFO  a.a.t.s.a.i.u.ui.MainViewController - Save all Button
15:38:03.253 [JavaFX Application Thread] INFO  a.a.t.s.a.i.u.ui.MainViewController - For input string: ""
15:39:17.022 [main] DEBUG a.a.t.s.a.i.a.MainApplication - Application starting with arguments=[]
15:39:18.815 [JavaFX Application Thread] DEBUG a.a.t.s.a.i.a.MainApplication - Application startup complete
15:39:20.923 [JavaFX Application Thread] INFO  a.a.t.s.a.i.u.ui.MainViewController - Save all Button
15:39:23.142 [JavaFX Application Thread] INFO  a.a.t.s.a.i.u.ui.MainViewController - NumberFormatException
15:39:27.498 [JavaFX Application Thread] DEBUG a.a.t.s.a.i.a.MainApplication - Application shutdown initiated
15:40:31.414 [main] DEBUG a.a.t.s.a.i.a.MainApplication - Application starting with arguments=[]
15:40:33.348 [JavaFX Application Thread] DEBUG a.a.t.s.a.i.a.MainApplication - Application startup complete
15:40:35.134 [JavaFX Application Thread] INFO  a.a.t.s.a.i.u.ui.MainViewController - Save all Button
15:40:36.291 [JavaFX Application Thread] INFO  a.a.t.s.a.i.u.ui.MainViewController - NumberFormatException
15:41:22.419 [main] DEBUG a.a.t.s.a.i.a.MainApplication - Application starting with arguments=[]
15:41:24.097 [JavaFX Application Thread] DEBUG a.a.t.s.a.i.a.MainApplication - Application startup complete
15:41:25.483 [JavaFX Application Thread] INFO  a.a.t.s.a.i.u.ui.MainViewController - Save all Button
15:41:26.537 [JavaFX Application Thread] INFO  a.a.t.s.a.i.u.ui.MainViewController - NumberFormatException
15:42:12.265 [main] DEBUG a.a.t.s.a.i.a.MainApplication - Application starting with arguments=[]
15:42:14.006 [JavaFX Application Thread] DEBUG a.a.t.s.a.i.a.MainApplication - Application startup complete
15:42:14.965 [JavaFX Application Thread] INFO  a.a.t.s.a.i.u.ui.MainViewController - Save all Button
15:42:16.013 [JavaFX Application Thread] ERROR a.a.t.s.a.i.u.ui.MainViewController - NumberFormatException
15:44:20.751 [main] DEBUG a.a.t.s.a.i.a.MainApplication - Application starting with arguments=[]
15:44:22.818 [JavaFX Application Thread] DEBUG a.a.t.s.a.i.a.MainApplication - Application startup complete
15:44:37.412 [JavaFX Application Thread] INFO  a.a.t.s.a.i.u.ui.MainViewController - Save all Button
15:44:37.414 [JavaFX Application Thread] ERROR a.a.t.s.a.i.u.ui.MainViewController - NumberFormatException
15:44:47.278 [main] DEBUG a.a.t.s.a.i.a.MainApplication - Application starting with arguments=[]
15:44:49.116 [JavaFX Application Thread] DEBUG a.a.t.s.a.i.a.MainApplication - Application startup complete
15:45:04.647 [JavaFX Application Thread] INFO  a.a.t.s.a.i.u.ui.MainViewController - Save all Button
15:45:04.650 [JavaFX Application Thread] INFO  a.a.t.s.a.i.u.s.SimpleUniverseService - save all
15:45:04.650 [JavaFX Application Thread] INFO  a.a.t.s.a.i.u.dao.VehicleDAOJDBC - create :at.ac.tuwien.sepm.assignment.individual.vehicleRentalSystem.Entities.Vehicle@619d55e6
15:45:04.759 [JavaFX Application Thread] INFO  a.a.t.s.a.i.u.s.SimpleUniverseService - save
15:46:12.772 [main] DEBUG a.a.t.s.a.i.a.MainApplication - Application starting with arguments=[]
15:46:14.601 [JavaFX Application Thread] DEBUG a.a.t.s.a.i.a.MainApplication - Application startup complete
15:47:03.946 [main] DEBUG a.a.t.s.a.i.a.MainApplication - Application starting with arguments=[]
15:47:05.690 [JavaFX Application Thread] DEBUG a.a.t.s.a.i.a.MainApplication - Application startup complete
15:47:10.480 [JavaFX Application Thread] INFO  a.a.t.s.a.i.u.ui.MainViewController - Save all Button
15:47:11.671 [JavaFX Application Thread] ERROR a.a.t.s.a.i.u.ui.MainViewController - NumberFormatException
15:47:56.621 [main] DEBUG a.a.t.s.a.i.a.MainApplication - Application starting with arguments=[]
15:47:58.406 [JavaFX Application Thread] DEBUG a.a.t.s.a.i.a.MainApplication - Application startup complete
15:48:01.176 [JavaFX Application Thread] ERROR a.a.t.s.a.i.u.ui.MainViewController - NullPointerException
16:11:40.929 [main] DEBUG a.a.t.s.a.i.a.MainApplication - Application starting with arguments=[]
16:11:42.786 [JavaFX Application Thread] DEBUG a.a.t.s.a.i.a.MainApplication - Application startup complete
16:11:43.779 [JavaFX Application Thread] INFO  a.a.t.s.a.i.u.ui.MainViewController - Save all Button
16:11:44.960 [JavaFX Application Thread] ERROR a.a.t.s.a.i.u.ui.MainViewController - NumberFormatException
16:11:51.413 [JavaFX Application Thread] INFO  a.a.t.s.a.i.u.ui.MainViewController - Save all Button
16:11:51.414 [JavaFX Application Thread] INFO  a.a.t.s.a.i.u.s.SimpleUniverseService - save all
16:11:51.415 [JavaFX Application Thread] INFO  a.a.t.s.a.i.u.dao.VehicleDAOJDBC - create :at.ac.tuwien.sepm.assignment.individual.vehicleRentalSystem.Entities.Vehicle@68f8c82b
16:11:51.572 [JavaFX Application Thread] ERROR a.a.t.s.a.i.u.ui.MainViewController - NullPointerException
16:12:48.127 [main] DEBUG a.a.t.s.a.i.a.MainApplication - Application starting with arguments=[]
16:12:50.088 [JavaFX Application Thread] DEBUG a.a.t.s.a.i.a.MainApplication - Application startup complete
16:12:55.999 [JavaFX Application Thread] INFO  a.a.t.s.a.i.u.ui.MainViewController - Save all Button
16:12:56.001 [JavaFX Application Thread] INFO  a.a.t.s.a.i.u.s.SimpleUniverseService - save all
16:12:56.001 [JavaFX Application Thread] INFO  a.a.t.s.a.i.u.dao.VehicleDAOJDBC - create :at.ac.tuwien.sepm.assignment.individual.vehicleRentalSystem.Entities.Vehicle@7514425d
16:12:56.117 [JavaFX Application Thread] ERROR a.a.t.s.a.i.u.ui.MainViewController - NullPointerException
16:18:49.106 [main] DEBUG a.a.t.s.a.i.a.MainApplication - Application starting with arguments=[]
16:18:51.031 [JavaFX Application Thread] DEBUG a.a.t.s.a.i.a.MainApplication - Application startup complete
16:18:56.269 [JavaFX Application Thread] INFO  a.a.t.s.a.i.u.ui.MainViewController - Save all Button
16:18:56.275 [JavaFX Application Thread] INFO  a.a.t.s.a.i.u.s.SimpleUniverseService - save all
16:18:56.275 [JavaFX Application Thread] INFO  a.a.t.s.a.i.u.dao.VehicleDAOJDBC - create :at.ac.tuwien.sepm.assignment.individual.vehicleRentalSystem.Entities.Vehicle@20db7295
16:18:56.402 [JavaFX Application Thread] ERROR a.a.t.s.a.i.u.ui.MainViewController - NullPointerException
16:19:24.236 [main] DEBUG a.a.t.s.a.i.a.MainApplication - Application starting with arguments=[]
16:19:25.951 [JavaFX Application Thread] DEBUG a.a.t.s.a.i.a.MainApplication - Application startup complete
16:19:41.968 [JavaFX Application Thread] INFO  a.a.t.s.a.i.u.ui.MainViewController - Save all Button
16:19:41.971 [JavaFX Application Thread] INFO  a.a.t.s.a.i.u.s.SimpleUniverseService - save all
16:19:41.971 [JavaFX Application Thread] INFO  a.a.t.s.a.i.u.dao.VehicleDAOJDBC - create :at.ac.tuwien.sepm.assignment.individual.vehicleRentalSystem.Entities.Vehicle@6965fe34
16:19:42.090 [JavaFX Application Thread] ERROR a.a.t.s.a.i.u.ui.MainViewController - NullPointerException
16:24:38.277 [main] DEBUG a.a.t.s.a.i.a.MainApplication - Application starting with arguments=[]
16:24:40.139 [JavaFX Application Thread] DEBUG a.a.t.s.a.i.a.MainApplication - Application startup complete
16:24:47.492 [JavaFX Application Thread] INFO  a.a.t.s.a.i.u.ui.MainViewController - Save all Button
16:24:47.494 [JavaFX Application Thread] INFO  a.a.t.s.a.i.u.s.SimpleUniverseService - save all
16:24:47.494 [JavaFX Application Thread] INFO  a.a.t.s.a.i.u.dao.VehicleDAOJDBC - create :at.ac.tuwien.sepm.assignment.individual.vehicleRentalSystem.Entities.Vehicle@241f2abd
16:24:47.618 [JavaFX Application Thread] ERROR a.a.t.s.a.i.u.ui.MainViewController - NullPointerException
16:26:14.623 [main] DEBUG a.a.t.s.a.i.a.MainApplication - Application starting with arguments=[]
16:26:16.278 [JavaFX Application Thread] DEBUG a.a.t.s.a.i.a.MainApplication - Application startup complete
16:26:21.149 [JavaFX Application Thread] INFO  a.a.t.s.a.i.u.ui.MainViewController - Save all Button
16:26:21.151 [JavaFX Application Thread] INFO  a.a.t.s.a.i.u.s.SimpleUniverseService - save all
16:26:21.151 [JavaFX Application Thread] INFO  a.a.t.s.a.i.u.dao.VehicleDAOJDBC - create :at.ac.tuwien.sepm.assignment.individual.vehicleRentalSystem.Entities.Vehicle@6c6c4e9d
16:26:21.276 [JavaFX Application Thread] ERROR a.a.t.s.a.i.u.ui.MainViewController - NullPointerException
16:31:14.878 [main] DEBUG a.a.t.s.a.i.a.MainApplication - Application starting with arguments=[]
16:31:16.757 [JavaFX Application Thread] DEBUG a.a.t.s.a.i.a.MainApplication - Application startup complete
16:31:27.944 [JavaFX Application Thread] INFO  a.a.t.s.a.i.u.ui.MainViewController - Save all Button
16:31:27.947 [JavaFX Application Thread] INFO  a.a.t.s.a.i.u.s.SimpleUniverseService - save all
16:31:27.947 [JavaFX Application Thread] INFO  a.a.t.s.a.i.u.dao.VehicleDAOJDBC - create :at.ac.tuwien.sepm.assignment.individual.vehicleRentalSystem.Entities.Vehicle@56b22bc9
16:31:28.076 [JavaFX Application Thread] ERROR a.a.t.s.a.i.u.ui.MainViewController - NullPointerException
16:31:52.846 [main] DEBUG a.a.t.s.a.i.a.MainApplication - Application starting with arguments=[]
16:31:54.654 [JavaFX Application Thread] DEBUG a.a.t.s.a.i.a.MainApplication - Application startup complete
16:32:04.227 [JavaFX Application Thread] INFO  a.a.t.s.a.i.u.ui.MainViewController - Save all Button
16:32:04.230 [JavaFX Application Thread] INFO  a.a.t.s.a.i.u.s.SimpleUniverseService - save all
16:32:04.230 [JavaFX Application Thread] INFO  a.a.t.s.a.i.u.dao.VehicleDAOJDBC - create :at.ac.tuwien.sepm.assignment.individual.vehicleRentalSystem.Entities.Vehicle@c96be99
16:32:04.524 [JavaFX Application Thread] INFO  a.a.t.s.a.i.u.s.SimpleUniverseService - save
16:46:20.284 [main] DEBUG a.a.t.s.a.i.a.MainApplication - Application starting with arguments=[]
16:46:22.155 [JavaFX Application Thread] DEBUG a.a.t.s.a.i.a.MainApplication - Application startup complete
16:46:32.551 [JavaFX Application Thread] INFO  a.a.t.s.a.i.u.ui.MainViewController - File chosen /Users/zi/Desktop/1.jpg
16:46:32.769 [JavaFX Application Thread] INFO  a.a.t.s.a.i.u.ui.MainViewController - jpg
16:50:10.977 [JavaFX Application Thread] INFO  a.a.t.s.a.i.u.ui.MainViewController - Save all Button
16:50:14.638 [JavaFX Application Thread] ERROR a.a.t.s.a.i.u.ui.MainViewController - NumberFormatException
16:50:23.901 [JavaFX Application Thread] DEBUG a.a.t.s.a.i.a.MainApplication - Application shutdown initiated
17:06:48.339 [main] DEBUG a.a.t.s.a.i.a.MainApplication - Application starting with arguments=[]
17:07:23.564 [main] DEBUG a.a.t.s.a.i.a.MainApplication - Application starting with arguments=[]
17:10:21.818 [main] DEBUG a.a.t.s.a.i.a.MainApplication - Application starting with arguments=[]
17:10:23.694 [JavaFX Application Thread] DEBUG a.a.t.s.a.i.a.MainApplication - Application startup complete
17:10:34.786 [JavaFX Application Thread] INFO  a.a.t.s.a.i.u.ui.MainViewController - Save all Button
17:10:46.998 [JavaFX Application Thread] INFO  a.a.t.s.a.i.u.ui.MainViewController - Save all Button
17:10:50.605 [JavaFX Application Thread] INFO  a.a.t.s.a.i.u.ui.MainViewController - Save all Button
17:11:10.241 [main] DEBUG a.a.t.s.a.i.a.MainApplication - Application starting with arguments=[]
17:11:12.231 [JavaFX Application Thread] DEBUG a.a.t.s.a.i.a.MainApplication - Application startup complete
17:11:19.381 [JavaFX Application Thread] INFO  a.a.t.s.a.i.u.ui.MainViewController - Save all Button
17:11:19.383 [JavaFX Application Thread] INFO  a.a.t.s.a.i.u.s.SimpleUniverseService - save all
17:11:19.383 [JavaFX Application Thread] INFO  a.a.t.s.a.i.u.dao.VehicleDAOJDBC - create :at.ac.tuwien.sepm.assignment.individual.vehicleRentalSystem.Entities.Vehicle@6d0704eb
17:11:19.494 [JavaFX Application Thread] INFO  a.a.t.s.a.i.u.s.SimpleUniverseService - save
17:12:24.063 [main] DEBUG a.a.t.s.a.i.a.MainApplication - Application starting with arguments=[]
17:12:25.959 [JavaFX Application Thread] DEBUG a.a.t.s.a.i.a.MainApplication - Application startup complete
17:12:42.633 [JavaFX Application Thread] INFO  a.a.t.s.a.i.u.ui.MainViewController - Save all Button
17:14:56.349 [main] DEBUG a.a.t.s.a.i.a.MainApplication - Application starting with arguments=[]
17:14:58.307 [JavaFX Application Thread] DEBUG a.a.t.s.a.i.a.MainApplication - Application startup complete
17:15:07.540 [JavaFX Application Thread] INFO  a.a.t.s.a.i.u.ui.MainViewController - Save all Button
17:15:13.517 [JavaFX Application Thread] INFO  a.a.t.s.a.i.u.s.SimpleUniverseService - save all
17:15:13.517 [JavaFX Application Thread] INFO  a.a.t.s.a.i.u.dao.VehicleDAOJDBC - create :at.ac.tuwien.sepm.assignment.individual.vehicleRentalSystem.Entities.Vehicle@6575e573
17:15:13.591 [JavaFX Application Thread] INFO  a.a.t.s.a.i.u.s.SimpleUniverseService - save
17:20:17.046 [main] DEBUG a.a.t.s.a.i.a.MainApplication - Application starting with arguments=[]
17:20:18.870 [JavaFX Application Thread] DEBUG a.a.t.s.a.i.a.MainApplication - Application startup complete
17:20:28.750 [JavaFX Application Thread] INFO  a.a.t.s.a.i.u.ui.MainViewController - Save all Button
17:20:30.065 [JavaFX Application Thread] ERROR a.a.t.s.a.i.u.ui.MainViewController - NumberFormatException
17:30:35.507 [main] DEBUG a.a.t.s.a.i.a.MainApplication - Application starting with arguments=[]
17:30:37.434 [JavaFX Application Thread] DEBUG a.a.t.s.a.i.a.MainApplication - Application startup complete
17:36:09.562 [main] DEBUG a.a.t.s.a.i.a.MainApplication - Application starting with arguments=[]
17:36:11.487 [JavaFX Application Thread] DEBUG a.a.t.s.a.i.a.MainApplication - Application startup complete
17:59:03.870 [main] DEBUG a.a.t.s.a.i.a.MainApplication - Application starting with arguments=[]
17:59:05.621 [JavaFX Application Thread] DEBUG a.a.t.s.a.i.a.MainApplication - Application startup complete
17:59:11.235 [JavaFX Application Thread] DEBUG a.a.t.s.a.i.a.MainApplication - Application shutdown initiated
17:59:44.735 [main] DEBUG a.a.t.s.a.i.a.MainApplication - Application starting with arguments=[]
17:59:46.524 [JavaFX Application Thread] DEBUG a.a.t.s.a.i.a.MainApplication - Application startup complete
17:59:50.276 [JavaFX Application Thread] DEBUG a.a.t.s.a.i.a.MainApplication - Application shutdown initiated
18:20:48.351 [main] DEBUG a.a.t.s.a.i.a.MainApplication - Application starting with arguments=[]
18:20:50.388 [JavaFX Application Thread] DEBUG a.a.t.s.a.i.a.MainApplication - Application startup complete
18:20:53.779 [JavaFX Application Thread] INFO  a.a.t.s.a.i.u.ui.MainViewController - Save all Button
18:20:55.065 [JavaFX Application Thread] ERROR a.a.t.s.a.i.u.ui.MainViewController - NumberFormatException
18:31:05.615 [main] DEBUG a.a.t.s.a.i.a.MainApplication - Application starting with arguments=[]
18:31:07.492 [JavaFX Application Thread] DEBUG a.a.t.s.a.i.a.MainApplication - Application startup complete
18:31:24.274 [JavaFX Application Thread] INFO  a.a.t.s.a.i.u.ui.MainViewController - Save all Button
18:31:24.277 [JavaFX Application Thread] INFO  a.a.t.s.a.i.u.s.SimpleUniverseService - save all
18:31:24.278 [JavaFX Application Thread] INFO  a.a.t.s.a.i.u.dao.VehicleDAOJDBC - create :at.ac.tuwien.sepm.assignment.individual.vehicleRentalSystem.Entities.Vehicle@392ff704
18:31:24.360 [JavaFX Application Thread] INFO  a.a.t.s.a.i.u.s.SimpleUniverseService - save
18:32:42.302 [main] DEBUG a.a.t.s.a.i.a.MainApplication - Application starting with arguments=[]
18:32:44.226 [JavaFX Application Thread] DEBUG a.a.t.s.a.i.a.MainApplication - Application startup complete
18:32:54.452 [JavaFX Application Thread] INFO  a.a.t.s.a.i.u.ui.MainViewController - Save all Button
18:32:54.455 [JavaFX Application Thread] INFO  a.a.t.s.a.i.u.ui.MainViewController -
18:32:54.456 [JavaFX Application Thread] INFO  a.a.t.s.a.i.u.s.SimpleUniverseService - save all
18:32:54.456 [JavaFX Application Thread] INFO  a.a.t.s.a.i.u.dao.VehicleDAOJDBC - create :at.ac.tuwien.sepm.assignment.individual.vehicleRentalSystem.Entities.Vehicle@5bf5fff9
18:32:54.542 [JavaFX Application Thread] INFO  a.a.t.s.a.i.u.s.SimpleUniverseService - save
18:32:58.001 [JavaFX Application Thread] INFO  a.a.t.s.a.i.u.ui.MainViewController - Save all Button
18:32:58.002 [JavaFX Application Thread] INFO  a.a.t.s.a.i.u.ui.MainViewController -
18:32:58.002 [JavaFX Application Thread] INFO  a.a.t.s.a.i.u.s.SimpleUniverseService - save all
18:32:58.002 [JavaFX Application Thread] INFO  a.a.t.s.a.i.u.dao.VehicleDAOJDBC - create :at.ac.tuwien.sepm.assignment.individual.vehicleRentalSystem.Entities.Vehicle@320a3458
18:32:58.003 [JavaFX Application Thread] INFO  a.a.t.s.a.i.u.s.SimpleUniverseService - save
18:34:58.254 [main] DEBUG a.a.t.s.a.i.a.MainApplication - Application starting with arguments=[]
18:35:00.443 [JavaFX Application Thread] DEBUG a.a.t.s.a.i.a.MainApplication - Application startup complete
18:35:09.171 [JavaFX Application Thread] INFO  a.a.t.s.a.i.u.ui.MainViewController - Save all Button
18:35:09.172 [JavaFX Application Thread] INFO  a.a.t.s.a.i.u.ui.MainViewController -
18:35:09.173 [JavaFX Application Thread] INFO  a.a.t.s.a.i.u.s.SimpleUniverseService - save all
18:35:09.173 [JavaFX Application Thread] INFO  a.a.t.s.a.i.u.dao.VehicleDAOJDBC - create :at.ac.tuwien.sepm.assignment.individual.vehicleRentalSystem.Entities.Vehicle@3060fe53
18:35:09.258 [JavaFX Application Thread] INFO  a.a.t.s.a.i.u.s.SimpleUniverseService - save
18:35:11.991 [JavaFX Application Thread] INFO  a.a.t.s.a.i.u.ui.MainViewController - Save all Button
18:35:11.991 [JavaFX Application Thread] INFO  a.a.t.s.a.i.u.ui.MainViewController -
18:35:11.991 [JavaFX Application Thread] INFO  a.a.t.s.a.i.u.s.SimpleUniverseService - save all
18:35:11.992 [JavaFX Application Thread] INFO  a.a.t.s.a.i.u.dao.VehicleDAOJDBC - create :at.ac.tuwien.sepm.assignment.individual.vehicleRentalSystem.Entities.Vehicle@413a53f3
18:35:11.994 [JavaFX Application Thread] INFO  a.a.t.s.a.i.u.s.SimpleUniverseService - save
18:37:48.736 [main] DEBUG a.a.t.s.a.i.a.MainApplication - Application starting with arguments=[]
18:37:50.589 [JavaFX Application Thread] DEBUG a.a.t.s.a.i.a.MainApplication - Application startup complete
18:38:01.236 [JavaFX Application Thread] INFO  a.a.t.s.a.i.u.ui.MainViewController - Save all Button
18:38:05.329 [JavaFX Application Thread] INFO  a.a.t.s.a.i.u.ui.MainViewController - A  B C
18:38:05.330 [JavaFX Application Thread] INFO  a.a.t.s.a.i.u.s.SimpleUniverseService - save all
18:38:05.330 [JavaFX Application Thread] INFO  a.a.t.s.a.i.u.dao.VehicleDAOJDBC - create :at.ac.tuwien.sepm.assignment.individual.vehicleRentalSystem.Entities.Vehicle@fccd4c5
18:38:05.411 [JavaFX Application Thread] INFO  a.a.t.s.a.i.u.s.SimpleUniverseService - save
18:38:07.230 [JavaFX Application Thread] INFO  a.a.t.s.a.i.u.ui.MainViewController - Save all Button
18:38:08.197 [JavaFX Application Thread] INFO  a.a.t.s.a.i.u.ui.MainViewController - A  B CA  B C
18:38:08.197 [JavaFX Application Thread] INFO  a.a.t.s.a.i.u.s.SimpleUniverseService - save all
18:38:08.197 [JavaFX Application Thread] INFO  a.a.t.s.a.i.u.dao.VehicleDAOJDBC - create :at.ac.tuwien.sepm.assignment.individual.vehicleRentalSystem.Entities.Vehicle@6738968d
18:38:08.201 [JavaFX Application Thread] INFO  a.a.t.s.a.i.u.s.SimpleUniverseService - save
18:38:13.078 [JavaFX Application Thread] INFO  a.a.t.s.a.i.u.ui.MainViewController - Save all Button
18:38:14.407 [JavaFX Application Thread] INFO  a.a.t.s.a.i.u.ui.MainViewController - A  B CA  B CA  B C
18:38:14.408 [JavaFX Application Thread] INFO  a.a.t.s.a.i.u.s.SimpleUniverseService - save all
18:38:14.408 [JavaFX Application Thread] INFO  a.a.t.s.a.i.u.dao.VehicleDAOJDBC - create :at.ac.tuwien.sepm.assignment.individual.vehicleRentalSystem.Entities.Vehicle@7797207d
18:38:14.410 [JavaFX Application Thread] INFO  a.a.t.s.a.i.u.s.SimpleUniverseService - save
20:15:56.356 [main] DEBUG a.a.t.s.a.i.a.MainApplication - Application starting with arguments=[]
20:15:58.471 [JavaFX Application Thread] DEBUG a.a.t.s.a.i.a.MainApplication - Application startup complete
20:16:09.029 [JavaFX Application Thread] INFO  a.a.t.s.a.i.u.ui.MainViewController - Save all Button
20:16:09.032 [JavaFX Application Thread] INFO  a.a.t.s.a.i.u.ui.MainViewController -
20:16:09.032 [JavaFX Application Thread] INFO  a.a.t.s.a.i.u.s.SimpleUniverseService - save all
20:16:09.032 [JavaFX Application Thread] INFO  a.a.t.s.a.i.u.dao.VehicleDAOJDBC - create :at.ac.tuwien.sepm.assignment.individual.vehicleRentalSystem.Entities.Vehicle@55da53a8
20:16:10.367 [JavaFX Application Thread] ERROR a.a.t.s.a.i.u.ui.MainViewController - NullPointerException
20:16:13.995 [JavaFX Application Thread] INFO  a.a.t.s.a.i.u.ui.MainViewController - Save all Button
20:16:13.995 [JavaFX Application Thread] INFO  a.a.t.s.a.i.u.ui.MainViewController -
20:16:13.995 [JavaFX Application Thread] INFO  a.a.t.s.a.i.u.s.SimpleUniverseService - save all
20:16:13.996 [JavaFX Application Thread] INFO  a.a.t.s.a.i.u.dao.VehicleDAOJDBC - create :at.ac.tuwien.sepm.assignment.individual.vehicleRentalSystem.Entities.Vehicle@22f9b750
20:16:15.263 [JavaFX Application Thread] ERROR a.a.t.s.a.i.u.ui.MainViewController - NullPointerException
20:16:15.583 [JavaFX Application Thread] INFO  a.a.t.s.a.i.u.ui.MainViewController - Save all Button
20:16:15.583 [JavaFX Application Thread] INFO  a.a.t.s.a.i.u.ui.MainViewController -
20:16:15.583 [JavaFX Application Thread] INFO  a.a.t.s.a.i.u.s.SimpleUniverseService - save all
20:16:15.583 [JavaFX Application Thread] INFO  a.a.t.s.a.i.u.dao.VehicleDAOJDBC - create :at.ac.tuwien.sepm.assignment.individual.vehicleRentalSystem.Entities.Vehicle@6df4721a
20:16:16.856 [JavaFX Application Thread] ERROR a.a.t.s.a.i.u.ui.MainViewController - NullPointerException
20:16:33.983 [main] DEBUG a.a.t.s.a.i.a.MainApplication - Application starting with arguments=[]
20:16:35.793 [JavaFX Application Thread] DEBUG a.a.t.s.a.i.a.MainApplication - Application startup complete
20:16:43.585 [JavaFX Application Thread] INFO  a.a.t.s.a.i.u.ui.MainViewController - Save all Button
20:16:43.588 [JavaFX Application Thread] INFO  a.a.t.s.a.i.u.ui.MainViewController -
20:16:43.588 [JavaFX Application Thread] INFO  a.a.t.s.a.i.u.s.SimpleUniverseService - save all
20:16:43.589 [JavaFX Application Thread] INFO  a.a.t.s.a.i.u.dao.VehicleDAOJDBC - create :at.ac.tuwien.sepm.assignment.individual.vehicleRentalSystem.Entities.Vehicle@2573c47f
20:16:43.687 [JavaFX Application Thread] INFO  a.a.t.s.a.i.u.s.SimpleUniverseService - save
20:16:45.586 [JavaFX Application Thread] INFO  a.a.t.s.a.i.u.ui.MainViewController - Save all Button
20:16:45.587 [JavaFX Application Thread] INFO  a.a.t.s.a.i.u.ui.MainViewController -
20:16:45.587 [JavaFX Application Thread] INFO  a.a.t.s.a.i.u.s.SimpleUniverseService - save all
20:16:45.587 [JavaFX Application Thread] INFO  a.a.t.s.a.i.u.dao.VehicleDAOJDBC - create :at.ac.tuwien.sepm.assignment.individual.vehicleRentalSystem.Entities.Vehicle@3e18f37b
20:16:45.588 [JavaFX Application Thread] INFO  a.a.t.s.a.i.u.s.SimpleUniverseService - save
20:16:46.873 [JavaFX Application Thread] INFO  a.a.t.s.a.i.u.ui.MainViewController - Save all Button
20:16:46.874 [JavaFX Application Thread] INFO  a.a.t.s.a.i.u.ui.MainViewController -
20:16:46.874 [JavaFX Application Thread] INFO  a.a.t.s.a.i.u.s.SimpleUniverseService - save all
20:16:46.874 [JavaFX Application Thread] INFO  a.a.t.s.a.i.u.dao.VehicleDAOJDBC - create :at.ac.tuwien.sepm.assignment.individual.vehicleRentalSystem.Entities.Vehicle@15c6a140
20:16:46.876 [JavaFX Application Thread] INFO  a.a.t.s.a.i.u.s.SimpleUniverseService - save
20:16:47.712 [JavaFX Application Thread] INFO  a.a.t.s.a.i.u.ui.MainViewController - Save all Button
20:16:47.712 [JavaFX Application Thread] INFO  a.a.t.s.a.i.u.ui.MainViewController -
20:16:47.713 [JavaFX Application Thread] INFO  a.a.t.s.a.i.u.s.SimpleUniverseService - save all
20:16:47.713 [JavaFX Application Thread] INFO  a.a.t.s.a.i.u.dao.VehicleDAOJDBC - create :at.ac.tuwien.sepm.assignment.individual.vehicleRentalSystem.Entities.Vehicle@5cc8c0a7
20:16:47.714 [JavaFX Application Thread] INFO  a.a.t.s.a.i.u.s.SimpleUniverseService - save
20:16:48.507 [JavaFX Application Thread] INFO  a.a.t.s.a.i.u.ui.MainViewController - Save all Button
20:16:48.508 [JavaFX Application Thread] INFO  a.a.t.s.a.i.u.ui.MainViewController -
20:16:48.508 [JavaFX Application Thread] INFO  a.a.t.s.a.i.u.s.SimpleUniverseService - save all
20:16:48.508 [JavaFX Application Thread] INFO  a.a.t.s.a.i.u.dao.VehicleDAOJDBC - create :at.ac.tuwien.sepm.assignment.individual.vehicleRentalSystem.Entities.Vehicle@2c8a51aa
20:16:48.511 [JavaFX Application Thread] INFO  a.a.t.s.a.i.u.s.SimpleUniverseService - save
20:16:51.872 [JavaFX Application Thread] INFO  a.a.t.s.a.i.u.ui.MainViewController - Save all Button
20:16:54.515 [JavaFX Application Thread] INFO  a.a.t.s.a.i.u.ui.MainViewController - A  B C
20:16:54.515 [JavaFX Application Thread] INFO  a.a.t.s.a.i.u.s.SimpleUniverseService - save all
20:16:54.515 [JavaFX Application Thread] INFO  a.a.t.s.a.i.u.dao.VehicleDAOJDBC - create :at.ac.tuwien.sepm.assignment.individual.vehicleRentalSystem.Entities.Vehicle@732348b5
20:16:54.517 [JavaFX Application Thread] INFO  a.a.t.s.a.i.u.s.SimpleUniverseService - save
20:16:57.675 [JavaFX Application Thread] INFO  a.a.t.s.a.i.u.ui.MainViewController - Save all Button
20:16:59.473 [JavaFX Application Thread] INFO  a.a.t.s.a.i.u.ui.MainViewController - A  B CA  B C
20:16:59.473 [JavaFX Application Thread] INFO  a.a.t.s.a.i.u.s.SimpleUniverseService - save all
20:16:59.473 [JavaFX Application Thread] INFO  a.a.t.s.a.i.u.dao.VehicleDAOJDBC - create :at.ac.tuwien.sepm.assignment.individual.vehicleRentalSystem.Entities.Vehicle@6c57ca22
20:16:59.475 [JavaFX Application Thread] INFO  a.a.t.s.a.i.u.s.SimpleUniverseService - save
20:20:02.386 [main] DEBUG a.a.t.s.a.i.a.MainApplication - Application starting with arguments=[]
20:20:04.242 [JavaFX Application Thread] DEBUG a.a.t.s.a.i.a.MainApplication - Application startup complete
20:20:10.558 [JavaFX Application Thread] INFO  a.a.t.s.a.i.u.ui.MainViewController - Save all Button
20:20:10.561 [JavaFX Application Thread] INFO  a.a.t.s.a.i.u.ui.MainViewController -
20:20:10.561 [JavaFX Application Thread] INFO  a.a.t.s.a.i.u.s.SimpleUniverseService - save all
20:20:10.562 [JavaFX Application Thread] INFO  a.a.t.s.a.i.u.dao.VehicleDAOJDBC - create :at.ac.tuwien.sepm.assignment.individual.vehicleRentalSystem.Entities.Vehicle@6d14eae0
20:20:10.641 [JavaFX Application Thread] INFO  a.a.t.s.a.i.u.s.SimpleUniverseService - save
20:20:14.354 [JavaFX Application Thread] INFO  a.a.t.s.a.i.u.ui.MainViewController - Save all Button
20:20:14.355 [JavaFX Application Thread] INFO  a.a.t.s.a.i.u.ui.MainViewController -
20:20:14.355 [JavaFX Application Thread] INFO  a.a.t.s.a.i.u.s.SimpleUniverseService - save all
20:20:14.355 [JavaFX Application Thread] INFO  a.a.t.s.a.i.u.dao.VehicleDAOJDBC - create :at.ac.tuwien.sepm.assignment.individual.vehicleRentalSystem.Entities.Vehicle@408e3ff0
20:20:14.357 [JavaFX Application Thread] INFO  a.a.t.s.a.i.u.s.SimpleUniverseService - save
20:20:17.773 [JavaFX Application Thread] INFO  a.a.t.s.a.i.u.ui.MainViewController - Save all Button
20:20:19.033 [JavaFX Application Thread] INFO  a.a.t.s.a.i.u.ui.MainViewController - A  B
20:20:19.033 [JavaFX Application Thread] INFO  a.a.t.s.a.i.u.s.SimpleUniverseService - save all
20:20:19.033 [JavaFX Application Thread] INFO  a.a.t.s.a.i.u.dao.VehicleDAOJDBC - create :at.ac.tuwien.sepm.assignment.individual.vehicleRentalSystem.Entities.Vehicle@66f9f2b8
20:20:19.034 [JavaFX Application Thread] INFO  a.a.t.s.a.i.u.s.SimpleUniverseService - save
20:20:22.014 [JavaFX Application Thread] INFO  a.a.t.s.a.i.u.ui.MainViewController - Save all Button
20:20:22.911 [JavaFX Application Thread] INFO  a.a.t.s.a.i.u.ui.MainViewController - A  B
20:20:22.911 [JavaFX Application Thread] INFO  a.a.t.s.a.i.u.s.SimpleUniverseService - save all
20:20:22.912 [JavaFX Application Thread] INFO  a.a.t.s.a.i.u.dao.VehicleDAOJDBC - create :at.ac.tuwien.sepm.assignment.individual.vehicleRentalSystem.Entities.Vehicle@385584ed
20:20:22.913 [JavaFX Application Thread] INFO  a.a.t.s.a.i.u.s.SimpleUniverseService - save
20:20:24.646 [JavaFX Application Thread] INFO  a.a.t.s.a.i.u.ui.MainViewController - Save all Button
20:20:25.985 [JavaFX Application Thread] INFO  a.a.t.s.a.i.u.ui.MainViewController - A  B
20:20:25.985 [JavaFX Application Thread] INFO  a.a.t.s.a.i.u.s.SimpleUniverseService - save all
20:20:25.985 [JavaFX Application Thread] INFO  a.a.t.s.a.i.u.dao.VehicleDAOJDBC - create :at.ac.tuwien.sepm.assignment.individual.vehicleRentalSystem.Entities.Vehicle@79bba270
20:20:25.988 [JavaFX Application Thread] INFO  a.a.t.s.a.i.u.s.SimpleUniverseService - save
20:22:09.905 [main] DEBUG a.a.t.s.a.i.a.MainApplication - Application starting with arguments=[]
20:22:11.967 [JavaFX Application Thread] DEBUG a.a.t.s.a.i.a.MainApplication - Application startup complete
20:22:19.458 [JavaFX Application Thread] INFO  a.a.t.s.a.i.u.ui.MainViewController - Save all Button
20:22:20.482 [JavaFX Application Thread] INFO  a.a.t.s.a.i.u.ui.MainViewController -
20:22:20.482 [JavaFX Application Thread] INFO  a.a.t.s.a.i.u.s.SimpleUniverseService - save all
20:22:20.482 [JavaFX Application Thread] INFO  a.a.t.s.a.i.u.dao.VehicleDAOJDBC - create :at.ac.tuwien.sepm.assignment.individual.vehicleRentalSystem.Entities.Vehicle@454198a4
20:22:20.574 [JavaFX Application Thread] INFO  a.a.t.s.a.i.u.s.SimpleUniverseService - save
20:22:24.881 [JavaFX Application Thread] INFO  a.a.t.s.a.i.u.ui.MainViewController - Save all Button
20:22:24.882 [JavaFX Application Thread] INFO  a.a.t.s.a.i.u.ui.MainViewController - A B C
20:22:24.882 [JavaFX Application Thread] INFO  a.a.t.s.a.i.u.s.SimpleUniverseService - save all
20:22:24.882 [JavaFX Application Thread] INFO  a.a.t.s.a.i.u.dao.VehicleDAOJDBC - create :at.ac.tuwien.sepm.assignment.individual.vehicleRentalSystem.Entities.Vehicle@47cf6b26
20:22:24.884 [JavaFX Application Thread] INFO  a.a.t.s.a.i.u.s.SimpleUniverseService - save
20:22:28.033 [JavaFX Application Thread] INFO  a.a.t.s.a.i.u.ui.MainViewController - Save all Button
20:22:28.033 [JavaFX Application Thread] INFO  a.a.t.s.a.i.u.ui.MainViewController - A B C
20:22:28.033 [JavaFX Application Thread] INFO  a.a.t.s.a.i.u.s.SimpleUniverseService - save all
20:22:28.033 [JavaFX Application Thread] INFO  a.a.t.s.a.i.u.dao.VehicleDAOJDBC - create :at.ac.tuwien.sepm.assignment.individual.vehicleRentalSystem.Entities.Vehicle@f7058e8
20:22:28.035 [JavaFX Application Thread] INFO  a.a.t.s.a.i.u.s.SimpleUniverseService - save
20:22:32.339 [JavaFX Application Thread] INFO  a.a.t.s.a.i.u.ui.MainViewController - Save all Button
20:22:32.339 [JavaFX Application Thread] INFO  a.a.t.s.a.i.u.ui.MainViewController - A B C
20:22:32.339 [JavaFX Application Thread] INFO  a.a.t.s.a.i.u.s.SimpleUniverseService - save all
20:22:32.340 [JavaFX Application Thread] INFO  a.a.t.s.a.i.u.dao.VehicleDAOJDBC - create :at.ac.tuwien.sepm.assignment.individual.vehicleRentalSystem.Entities.Vehicle@6f52ddaf
20:22:32.341 [JavaFX Application Thread] INFO  a.a.t.s.a.i.u.s.SimpleUniverseService - save
20:22:33.841 [JavaFX Application Thread] DEBUG a.a.t.s.a.i.a.MainApplication - Application shutdown initiated
20:26:53.162 [main] DEBUG a.a.t.s.a.i.a.MainApplication - Application starting with arguments=[]
20:26:55.291 [JavaFX Application Thread] DEBUG a.a.t.s.a.i.a.MainApplication - Application startup complete
20:27:05.299 [JavaFX Application Thread] INFO  a.a.t.s.a.i.u.ui.MainViewController - Save all Button
20:27:05.303 [JavaFX Application Thread] INFO  a.a.t.s.a.i.u.ui.MainViewController - A B C
20:27:05.303 [JavaFX Application Thread] INFO  a.a.t.s.a.i.u.s.SimpleUniverseService - save all
20:27:05.303 [JavaFX Application Thread] INFO  a.a.t.s.a.i.u.dao.VehicleDAOJDBC - create :at.ac.tuwien.sepm.assignment.individual.vehicleRentalSystem.Entities.Vehicle@4d1c9d19
20:27:05.391 [JavaFX Application Thread] INFO  a.a.t.s.a.i.u.s.SimpleUniverseService - save
20:27:07.235 [JavaFX Application Thread] INFO  a.a.t.s.a.i.u.ui.MainViewController - Save all Button
20:27:07.236 [JavaFX Application Thread] INFO  a.a.t.s.a.i.u.ui.MainViewController -  A B C
20:27:07.236 [JavaFX Application Thread] INFO  a.a.t.s.a.i.u.s.SimpleUniverseService - save all
20:27:07.236 [JavaFX Application Thread] INFO  a.a.t.s.a.i.u.dao.VehicleDAOJDBC - create :at.ac.tuwien.sepm.assignment.individual.vehicleRentalSystem.Entities.Vehicle@104c0cfb
20:27:07.238 [JavaFX Application Thread] INFO  a.a.t.s.a.i.u.s.SimpleUniverseService - save
20:27:08.235 [JavaFX Application Thread] INFO  a.a.t.s.a.i.u.ui.MainViewController - Save all Button
20:27:08.236 [JavaFX Application Thread] INFO  a.a.t.s.a.i.u.ui.MainViewController -  A B C
20:27:08.236 [JavaFX Application Thread] INFO  a.a.t.s.a.i.u.s.SimpleUniverseService - save all
20:27:08.236 [JavaFX Application Thread] INFO  a.a.t.s.a.i.u.dao.VehicleDAOJDBC - create :at.ac.tuwien.sepm.assignment.individual.vehicleRentalSystem.Entities.Vehicle@72ad2473
20:27:08.238 [JavaFX Application Thread] INFO  a.a.t.s.a.i.u.s.SimpleUniverseService - save
20:28:45.193 [main] DEBUG a.a.t.s.a.i.a.MainApplication - Application starting with arguments=[]
20:28:47.039 [JavaFX Application Thread] DEBUG a.a.t.s.a.i.a.MainApplication - Application startup complete
20:28:56.833 [JavaFX Application Thread] INFO  a.a.t.s.a.i.u.ui.MainViewController - Save all Button
20:28:56.836 [JavaFX Application Thread] INFO  a.a.t.s.a.i.u.ui.MainViewController -
20:28:56.837 [JavaFX Application Thread] INFO  a.a.t.s.a.i.u.s.SimpleUniverseService - save all
20:28:56.837 [JavaFX Application Thread] INFO  a.a.t.s.a.i.u.dao.VehicleDAOJDBC - create :at.ac.tuwien.sepm.assignment.individual.vehicleRentalSystem.Entities.Vehicle@244a9e10
20:28:56.920 [JavaFX Application Thread] INFO  a.a.t.s.a.i.u.s.SimpleUniverseService - save
20:28:59.412 [JavaFX Application Thread] INFO  a.a.t.s.a.i.u.ui.MainViewController - Save all Button
20:28:59.412 [JavaFX Application Thread] INFO  a.a.t.s.a.i.u.ui.MainViewController -
20:28:59.413 [JavaFX Application Thread] INFO  a.a.t.s.a.i.u.s.SimpleUniverseService - save all
20:28:59.413 [JavaFX Application Thread] INFO  a.a.t.s.a.i.u.dao.VehicleDAOJDBC - create :at.ac.tuwien.sepm.assignment.individual.vehicleRentalSystem.Entities.Vehicle@32d4b9d1
20:28:59.414 [JavaFX Application Thread] INFO  a.a.t.s.a.i.u.s.SimpleUniverseService - save
20:29:00.618 [JavaFX Application Thread] INFO  a.a.t.s.a.i.u.ui.MainViewController - Save all Button
20:29:00.618 [JavaFX Application Thread] INFO  a.a.t.s.a.i.u.ui.MainViewController -
20:29:00.619 [JavaFX Application Thread] INFO  a.a.t.s.a.i.u.s.SimpleUniverseService - save all
20:29:00.619 [JavaFX Application Thread] INFO  a.a.t.s.a.i.u.dao.VehicleDAOJDBC - create :at.ac.tuwien.sepm.assignment.individual.vehicleRentalSystem.Entities.Vehicle@420f50a4
20:29:00.620 [JavaFX Application Thread] INFO  a.a.t.s.a.i.u.s.SimpleUniverseService - save
20:29:01.564 [JavaFX Application Thread] INFO  a.a.t.s.a.i.u.ui.MainViewController - Save all Button
20:29:01.564 [JavaFX Application Thread] INFO  a.a.t.s.a.i.u.ui.MainViewController -
20:29:01.565 [JavaFX Application Thread] INFO  a.a.t.s.a.i.u.s.SimpleUniverseService - save all
20:29:01.565 [JavaFX Application Thread] INFO  a.a.t.s.a.i.u.dao.VehicleDAOJDBC - create :at.ac.tuwien.sepm.assignment.individual.vehicleRentalSystem.Entities.Vehicle@599a6a2a
20:29:01.567 [JavaFX Application Thread] INFO  a.a.t.s.a.i.u.s.SimpleUniverseService - save
20:29:04.629 [JavaFX Application Thread] INFO  a.a.t.s.a.i.u.ui.MainViewController - Save all Button
20:29:04.629 [JavaFX Application Thread] INFO  a.a.t.s.a.i.u.ui.MainViewController -
20:29:04.629 [JavaFX Application Thread] INFO  a.a.t.s.a.i.u.s.SimpleUniverseService - save all
20:29:04.629 [JavaFX Application Thread] INFO  a.a.t.s.a.i.u.dao.VehicleDAOJDBC - create :at.ac.tuwien.sepm.assignment.individual.vehicleRentalSystem.Entities.Vehicle@13bf63e0
20:29:04.631 [JavaFX Application Thread] INFO  a.a.t.s.a.i.u.s.SimpleUniverseService - save
20:29:07.673 [JavaFX Application Thread] INFO  a.a.t.s.a.i.u.ui.MainViewController - Save all Button
20:29:07.674 [JavaFX Application Thread] INFO  a.a.t.s.a.i.u.ui.MainViewController -
20:29:07.674 [JavaFX Application Thread] INFO  a.a.t.s.a.i.u.s.SimpleUniverseService - save all
20:29:07.674 [JavaFX Application Thread] INFO  a.a.t.s.a.i.u.dao.VehicleDAOJDBC - create :at.ac.tuwien.sepm.assignment.individual.vehicleRentalSystem.Entities.Vehicle@4d94177f
20:29:07.676 [JavaFX Application Thread] INFO  a.a.t.s.a.i.u.s.SimpleUniverseService - save
20:29:09.633 [JavaFX Application Thread] INFO  a.a.t.s.a.i.u.ui.MainViewController - Save all Button
20:29:09.633 [JavaFX Application Thread] INFO  a.a.t.s.a.i.u.ui.MainViewController -
20:29:09.633 [JavaFX Application Thread] INFO  a.a.t.s.a.i.u.s.SimpleUniverseService - save all
20:29:09.633 [JavaFX Application Thread] INFO  a.a.t.s.a.i.u.dao.VehicleDAOJDBC - create :at.ac.tuwien.sepm.assignment.individual.vehicleRentalSystem.Entities.Vehicle@216b43f0
20:29:09.634 [JavaFX Application Thread] INFO  a.a.t.s.a.i.u.s.SimpleUniverseService - save
20:30:29.486 [main] DEBUG a.a.t.s.a.i.a.MainApplication - Application starting with arguments=[]
20:30:31.389 [JavaFX Application Thread] DEBUG a.a.t.s.a.i.a.MainApplication - Application startup complete
20:30:39.240 [JavaFX Application Thread] INFO  a.a.t.s.a.i.u.ui.MainViewController - Save all Button
20:30:40.517 [JavaFX Application Thread] INFO  a.a.t.s.a.i.u.ui.MainViewController -
20:30:40.518 [JavaFX Application Thread] INFO  a.a.t.s.a.i.u.s.SimpleUniverseService - save all
20:30:40.518 [JavaFX Application Thread] INFO  a.a.t.s.a.i.u.dao.VehicleDAOJDBC - create :at.ac.tuwien.sepm.assignment.individual.vehicleRentalSystem.Entities.Vehicle@c963400
20:30:40.638 [JavaFX Application Thread] INFO  a.a.t.s.a.i.u.s.SimpleUniverseService - save
20:30:43.378 [JavaFX Application Thread] INFO  a.a.t.s.a.i.u.ui.MainViewController - Save all Button
20:30:43.380 [JavaFX Application Thread] INFO  a.a.t.s.a.i.u.ui.MainViewController -
20:30:43.380 [JavaFX Application Thread] INFO  a.a.t.s.a.i.u.s.SimpleUniverseService - save all
20:30:43.380 [JavaFX Application Thread] INFO  a.a.t.s.a.i.u.dao.VehicleDAOJDBC - create :at.ac.tuwien.sepm.assignment.individual.vehicleRentalSystem.Entities.Vehicle@770a75dc
20:30:43.381 [JavaFX Application Thread] INFO  a.a.t.s.a.i.u.s.SimpleUniverseService - save
20:30:46.764 [JavaFX Application Thread] INFO  a.a.t.s.a.i.u.ui.MainViewController - Save all Button
20:30:46.764 [JavaFX Application Thread] INFO  a.a.t.s.a.i.u.ui.MainViewController -
20:30:46.764 [JavaFX Application Thread] INFO  a.a.t.s.a.i.u.s.SimpleUniverseService - save all
20:30:46.765 [JavaFX Application Thread] INFO  a.a.t.s.a.i.u.dao.VehicleDAOJDBC - create :at.ac.tuwien.sepm.assignment.individual.vehicleRentalSystem.Entities.Vehicle@47cf6b26
20:30:46.766 [JavaFX Application Thread] INFO  a.a.t.s.a.i.u.s.SimpleUniverseService - save
20:30:48.928 [JavaFX Application Thread] INFO  a.a.t.s.a.i.u.ui.MainViewController - Save all Button
20:30:48.931 [JavaFX Application Thread] INFO  a.a.t.s.a.i.u.ui.MainViewController -
20:30:48.935 [JavaFX Application Thread] INFO  a.a.t.s.a.i.u.s.SimpleUniverseService - save all
20:30:48.935 [JavaFX Application Thread] INFO  a.a.t.s.a.i.u.dao.VehicleDAOJDBC - create :at.ac.tuwien.sepm.assignment.individual.vehicleRentalSystem.Entities.Vehicle@5401d236
20:30:48.936 [JavaFX Application Thread] INFO  a.a.t.s.a.i.u.s.SimpleUniverseService - save
20:34:17.636 [main] DEBUG a.a.t.s.a.i.a.MainApplication - Application starting with arguments=[]
20:34:19.595 [JavaFX Application Thread] DEBUG a.a.t.s.a.i.a.MainApplication - Application startup complete
20:34:30.013 [JavaFX Application Thread] INFO  a.a.t.s.a.i.u.ui.MainViewController - Save all Button
20:34:30.015 [JavaFX Application Thread] INFO  a.a.t.s.a.i.u.ui.MainViewController -
20:34:30.016 [JavaFX Application Thread] INFO  a.a.t.s.a.i.u.s.SimpleUniverseService - save all
20:34:30.016 [JavaFX Application Thread] INFO  a.a.t.s.a.i.u.dao.VehicleDAOJDBC - create :at.ac.tuwien.sepm.assignment.individual.vehicleRentalSystem.Entities.Vehicle@6ecaf2fe
20:34:30.106 [JavaFX Application Thread] INFO  a.a.t.s.a.i.u.s.SimpleUniverseService - save
20:34:34.569 [JavaFX Application Thread] INFO  a.a.t.s.a.i.u.ui.MainViewController - Save all Button
20:34:34.570 [JavaFX Application Thread] INFO  a.a.t.s.a.i.u.ui.MainViewController -
20:34:34.570 [JavaFX Application Thread] INFO  a.a.t.s.a.i.u.s.SimpleUniverseService - save all
20:34:34.570 [JavaFX Application Thread] INFO  a.a.t.s.a.i.u.dao.VehicleDAOJDBC - create :at.ac.tuwien.sepm.assignment.individual.vehicleRentalSystem.Entities.Vehicle@5ae4f358
20:34:34.572 [JavaFX Application Thread] INFO  a.a.t.s.a.i.u.s.SimpleUniverseService - save
20:50:13.978 [main] DEBUG a.a.t.s.a.i.a.MainApplication - Application starting with arguments=[]
20:50:15.782 [JavaFX Application Thread] DEBUG a.a.t.s.a.i.a.MainApplication - Application startup complete
20:50:28.982 [JavaFX Application Thread] INFO  a.a.t.s.a.i.u.ui.MainViewController - Save all Button
20:50:28.986 [JavaFX Application Thread] INFO  a.a.t.s.a.i.u.s.SimpleUniverseService - save all
20:50:28.986 [JavaFX Application Thread] INFO  a.a.t.s.a.i.u.dao.VehicleDAOJDBC - create :at.ac.tuwien.sepm.assignment.individual.vehicleRentalSystem.Entities.Vehicle@680b28d
20:50:29.069 [JavaFX Application Thread] INFO  a.a.t.s.a.i.u.s.SimpleUniverseService - save
20:50:32.409 [JavaFX Application Thread] INFO  a.a.t.s.a.i.u.ui.MainViewController - Save all Button
20:50:32.410 [JavaFX Application Thread] INFO  a.a.t.s.a.i.u.s.SimpleUniverseService - save all
20:50:32.410 [JavaFX Application Thread] INFO  a.a.t.s.a.i.u.dao.VehicleDAOJDBC - create :at.ac.tuwien.sepm.assignment.individual.vehicleRentalSystem.Entities.Vehicle@2da7df58
20:50:32.412 [JavaFX Application Thread] INFO  a.a.t.s.a.i.u.s.SimpleUniverseService - save
20:50:34.274 [JavaFX Application Thread] INFO  a.a.t.s.a.i.u.ui.MainViewController - Save all Button
20:50:34.274 [JavaFX Application Thread] INFO  a.a.t.s.a.i.u.s.SimpleUniverseService - save all
20:50:34.275 [JavaFX Application Thread] INFO  a.a.t.s.a.i.u.dao.VehicleDAOJDBC - create :at.ac.tuwien.sepm.assignment.individual.vehicleRentalSystem.Entities.Vehicle@c11108c
20:50:34.276 [JavaFX Application Thread] INFO  a.a.t.s.a.i.u.s.SimpleUniverseService - save
20:54:16.461 [main] DEBUG a.a.t.s.a.i.a.MainApplication - Application starting with arguments=[]
20:54:18.464 [JavaFX Application Thread] DEBUG a.a.t.s.a.i.a.MainApplication - Application startup complete
20:54:27.426 [JavaFX Application Thread] INFO  a.a.t.s.a.i.u.ui.MainViewController - Save all Button
20:54:27.429 [JavaFX Application Thread] INFO  a.a.t.s.a.i.u.s.SimpleUniverseService - save all
20:54:27.429 [JavaFX Application Thread] INFO  a.a.t.s.a.i.u.dao.VehicleDAOJDBC - create :at.ac.tuwien.sepm.assignment.individual.vehicleRentalSystem.Entities.Vehicle@683a9d77
20:54:27.515 [JavaFX Application Thread] INFO  a.a.t.s.a.i.u.s.SimpleUniverseService - save
20:54:30.750 [JavaFX Application Thread] INFO  a.a.t.s.a.i.u.ui.MainViewController - Save all Button
20:54:30.750 [JavaFX Application Thread] INFO  a.a.t.s.a.i.u.s.SimpleUniverseService - save all
20:54:30.750 [JavaFX Application Thread] INFO  a.a.t.s.a.i.u.dao.VehicleDAOJDBC - create :at.ac.tuwien.sepm.assignment.individual.vehicleRentalSystem.Entities.Vehicle@4803b62f
20:54:30.752 [JavaFX Application Thread] INFO  a.a.t.s.a.i.u.s.SimpleUniverseService - save
20:54:34.126 [JavaFX Application Thread] INFO  a.a.t.s.a.i.u.ui.MainViewController - Save all Button
20:54:34.126 [JavaFX Application Thread] INFO  a.a.t.s.a.i.u.s.SimpleUniverseService - save all
20:54:34.127 [JavaFX Application Thread] INFO  a.a.t.s.a.i.u.dao.VehicleDAOJDBC - create :at.ac.tuwien.sepm.assignment.individual.vehicleRentalSystem.Entities.Vehicle@78c352fb
20:54:34.128 [JavaFX Application Thread] INFO  a.a.t.s.a.i.u.s.SimpleUniverseService - save
20:54:36.454 [JavaFX Application Thread] INFO  a.a.t.s.a.i.u.ui.MainViewController - Save all Button
20:54:36.455 [JavaFX Application Thread] INFO  a.a.t.s.a.i.u.s.SimpleUniverseService - save all
20:54:36.455 [JavaFX Application Thread] INFO  a.a.t.s.a.i.u.dao.VehicleDAOJDBC - create :at.ac.tuwien.sepm.assignment.individual.vehicleRentalSystem.Entities.Vehicle@7cb5bef8
20:54:36.457 [JavaFX Application Thread] INFO  a.a.t.s.a.i.u.s.SimpleUniverseService - save
